###############################################################
#  Generated by:      Cadence Innovus 23.15-s106_1
#  OS:                Linux x86_64(Host ID eda-4.EECS.Berkeley.EDU)
#  Generated on:      Thu Apr 16 20:28:51 2026
#  Design:            FFE
#  Command:           verify_drc > ./build/innovus/reports/FFE_drc.rpt
###############################################################

SHORT: ( Out Of Die ) Regular Wire of Net coeff_bus[63]  ( met2 )
Bounds : ( -0.070, 826.130 ) ( 0.000, 826.620 )


SHORT: ( Out Of Die ) Regular Wire of Net din_valid  ( met3 )
Bounds : ( 0.000, 826.620 ) ( 0.800, 826.770 )


SHORT: ( Out Of Die ) Regular Wire of Net coeff_bus[32]  ( met2 )
Bounds : ( 828.920, 826.130 ) ( 828.980, 826.620 )


SHORT: ( Out Of Die ) Regular Wire of Net dout1[0]  ( met3 )
Bounds : ( 828.120, 826.620 ) ( 828.920, 826.750 )


SHORT: ( Out Of Die ) Regular Wire of Net dout3[0]  ( met2 )
Bounds : ( 828.920, 0.000 ) ( 828.925, 0.490 )


SHORT: ( Out Of Die ) Regular Wire of Net dout_valid  ( met3 )
Bounds : ( 828.120, -0.150 ) ( 828.920, 0.000 )


SHORT: ( Out Of Die ) Regular Wire of Net din0[9]  ( met2 )
Bounds : ( -0.070, 0.000 ) ( 0.000, 0.490 )


SHORT: ( Out Of Die ) Regular Wire of Net clk  ( met3 )
Bounds : ( 0.000, -0.150 ) ( 0.800, 0.000 )


  Total Violations : 8 Viols.
