 ------------------------------------------------------------------------------------------------------------------------------------------------------------------- 
| Snapshot                | WNS                  | TNS                  | Density (%) | Hotspot                   | Resource               | DRVs       | Layer-OPT |
|                         | HEPG (ns) | ALL (ns) | HEPG (ns) | ALL (ns) |             | Max (bins) | Total (bins) | Real (s) | Memory (MB) | Tran | Cap | met4      |
|-------------------------+-----------+----------+-----------+----------+-------------+------------+--------------+----------+-------------+------+-----+-----------|
| initial_summary         |    -1.962 |   -2.288 |           |      -41 |       65.09 |            |              | 0:00:02  |        6590 |   23 |  41 |           |
| route_type_refinement   |           |          |           |          |             |            |              | 0:00:00  |        6590 |      |     |        17 |
| simplify_netlist        |           |          |           |          |             |            |              | 0:00:01  |        6590 |      |     |           |
| excluded_clk_net_fixing |           |          |           |          |             |            |              | 0:00:00  |        6590 |      |     |           |
| drv_fixing              |    -1.122 |   -1.575 |       -19 |      -32 |       65.64 |            |              | 0:00:02  |        6670 |    0 |   0 |        17 |
| global_opt              |           |   -0.927 |           |      -19 |       64.37 |            |              | 0:00:10  |        6670 |      |     |        14 |
| area_reclaiming         |    -0.444 |   -0.900 |        -4 |      -18 |       63.08 |            |              | 0:00:07  |        6670 |      |     |        14 |
| wns_fixing              |     0.209 |   -0.219 |         0 |       -1 |       74.75 |            |              | 0:01:21  |        6816 |      |     |        66 |
| tns_fixing              |     0.209 |   -0.165 |         0 |       -0 |       75.12 |            |              | 0:00:07  |        6816 |      |     |        66 |
| area_reclaiming_2       |     0.001 |   -0.153 |         0 |       -0 |       71.03 |            |              | 0:00:07  |        6688 |      |     |        63 |
| area_reclaiming_3       |    -0.004 |   -0.114 |        -0 |       -1 |       70.05 |            |              | 0:00:07  |        6688 |      |     |        42 |
| local_wire_reclaim      |           |          |           |          |             |            |              | 0:00:27  |        6688 |      |     |           |
| global_route            |           |          |           |          |             |     858.89 |       861.11 | 0:00:01  |        6582 |      |     |           |
| route_type_refinement_2 |           |          |           |          |             |            |              | 0:00:00  |        6582 |      |     |        42 |
| drv_eco_fixing          |    -0.308 |   -0.578 |        -2 |      -10 |       70.18 |            |              | 0:00:01  |        6672 |    0 |   0 |        42 |
| wns_eco_fixing          |     0.151 |   -0.054 |         0 |       -0 |       74.46 |            |              | 0:00:15  |        6800 |      |     |        43 |
| tns_eco_fixing          |     0.161 |   -0.054 |         0 |       -0 |       74.47 |            |              | 0:00:02  |        6800 |      |     |        43 |
| tns_eco_fixing_2        |     0.161 |   -0.054 |         0 |       -0 |       74.47 |            |              | 0:00:00  |        6800 |      |     |        43 |
| initial_summary_2       |     0.090 |   -0.197 |           |       -3 |       74.47 |            |              | 0:00:04  |        6592 |    0 |   0 |           |
| hold_fixing             |           |          |           |          |             |            |              | 0:00:00  |        6688 |      |     |           |
| final_summary           |     0.090 |   -0.197 |           |       -3 |       74.47 |     902.22 |       903.56 | 0:00:05  |        6797 |    0 |   0 |           |
 ------------------------------------------------------------------------------------------------------------------------------------------------------------------- 
