 ------------------------------------------------------------------------------------------------------------------------------------------------------- 
| Snapshot                | WNS                  | TNS                  | Density (%) | Hotspot                   | Resource               | DRVs       |
|                         | HEPG (ns) | ALL (ns) | HEPG (ns) | ALL (ns) |             | Max (bins) | Total (bins) | Real (s) | Memory (MB) | Tran | Cap |
|-------------------------+-----------+----------+-----------+----------+-------------+------------+--------------+----------+-------------+------+-----|
| initial_summary         |           |   -3.026 |           |     -324 |       26.42 |            |              | 0:00:00  |        5762 |    0 |   0 |
| route_type_refinement   |           |          |           |          |             |            |              | 0:00:00  |        5762 |      |     |
| simplify_netlist        |           |          |           |          |             |            |              | 0:00:01  |        6021 |      |     |
| drv_fixing              |           |          |           |          |             |            |              | 0:00:00  |        6021 |      |     |
| global_opt              |           |   -2.638 |           |     -148 |       27.40 |            |              | 0:00:08  |        6071 |      |     |
| area_reclaiming         |     0.000 |   -2.638 |         0 |     -148 |       27.31 |            |              | 0:00:02  |        6071 |      |     |
| incremental_replacement |           |   -2.885 |           |     -206 |             |       5.11 |        77.78 | 0:00:21  |        6071 |      |     |
| drv_fixing_2            |     0.000 |   -2.885 |         0 |     -171 |       27.45 |            |              | 0:00:02  |        6031 |    0 |   0 |
| wns_fixing              |     0.084 |    0.074 |         0 |        0 |       32.01 |            |              | 0:00:29  |        6344 |      |     |
| area_reclaiming_2       |     0.000 |   -0.035 |         0 |       -0 |       31.47 |            |              | 0:00:04  |        6319 |      |     |
| area_reclaiming_3       |     0.001 |    0.001 |         0 |        0 |       30.06 |            |              | 0:00:06  |        6319 |      |     |
| global_route            |           |          |           |          |             |     199.67 |       760.67 | 0:00:02  |        6245 |      |     |
| route_type_refinement_2 |           |          |           |          |             |            |              | 0:00:00  |        6245 |      |     |
| drv_eco_fixing          |    -0.524 |   -0.524 |        -4 |       -8 |       30.11 |            |              | 0:00:01  |        6255 |    0 |   0 |
| wns_eco_fixing          |     0.005 |    0.003 |         0 |        0 |       30.27 |            |              | 0:00:04  |        6391 |      |     |
| final_summary           |    -0.103 |   -0.103 |           |       -0 |       30.27 |     219.33 |       782.33 | 0:00:04  |        6175 |    0 |   0 |
 ------------------------------------------------------------------------------------------------------------------------------------------------------- 
