 ------------------------------------------------------------------------------------------------------------------------------------------------------- 
| Snapshot                | WNS                  | TNS                  | Density (%) | Hotspot                   | Resource               | DRVs       |
|                         | HEPG (ns) | ALL (ns) | HEPG (ns) | ALL (ns) |             | Max (bins) | Total (bins) | Real (s) | Memory (MB) | Tran | Cap |
|-------------------------+-----------+----------+-----------+----------+-------------+------------+--------------+----------+-------------+------+-----|
| initial_summary         |           |   -3.255 |           |     -321 |       26.38 |            |              | 0:00:00  |        5631 |    0 |   0 |
| route_type_refinement   |           |          |           |          |             |            |              | 0:00:01  |        5631 |      |     |
| simplify_netlist        |           |          |           |          |             |            |              | 0:00:00  |        5861 |      |     |
| drv_fixing              |           |          |           |          |             |            |              | 0:00:01  |        5861 |      |     |
| global_opt              |           |   -2.930 |           |     -141 |       27.49 |            |              | 0:00:08  |        5909 |      |     |
| area_reclaiming         |     0.000 |   -2.930 |         0 |     -140 |       27.38 |            |              | 0:00:02  |        5909 |      |     |
| incremental_replacement |           |   -3.182 |           |     -192 |             |       8.22 |        89.56 | 0:00:22  |        5909 |      |     |
| drv_fixing_2            |     0.000 |   -3.182 |         0 |     -159 |       27.52 |            |              | 0:00:01  |        5861 |    0 |   0 |
| wns_fixing              |     0.101 |    0.071 |         0 |        0 |       31.33 |            |              | 0:00:23  |        6110 |      |     |
| area_reclaiming_2       |     0.004 |    0.002 |         0 |        0 |       30.87 |            |              | 0:00:05  |        6233 |      |     |
| area_reclaiming_3       |     0.001 |    0.001 |         0 |        0 |       29.71 |            |              | 0:00:04  |        6233 |      |     |
| global_route            |           |          |           |          |             |      94.22 |       692.11 | 0:00:01  |        6159 |      |     |
| route_type_refinement_2 |           |          |           |          |             |            |              | 0:00:00  |        6159 |      |     |
| drv_eco_fixing          |    -0.441 |   -0.441 |        -3 |       -7 |       29.75 |            |              | 0:00:01  |        6169 |    0 |   0 |
| wns_eco_fixing          |     0.012 |    0.001 |         0 |        0 |       29.88 |            |              | 0:00:03  |        6297 |      |     |
| final_summary           |    -0.046 |   -0.046 |           |       -0 |       29.88 |      93.78 |       712.11 | 0:00:03  |        6089 |    0 |   0 |
 ------------------------------------------------------------------------------------------------------------------------------------------------------- 
