 ------------------------------------------------------------------------------------------------------------------------------------------------------- 
| Snapshot                | WNS                  | TNS                  | Density (%) | Hotspot                   | Resource               | DRVs       |
|                         | HEPG (ns) | ALL (ns) | HEPG (ns) | ALL (ns) |             | Max (bins) | Total (bins) | Real (s) | Memory (MB) | Tran | Cap |
|-------------------------+-----------+----------+-----------+----------+-------------+------------+--------------+----------+-------------+------+-----|
| initial_summary         |    -0.459 |   -0.520 |           |      -12 |       30.25 |            |              | 0:00:01  |        6520 |   24 |  31 |
| route_type_refinement   |           |          |           |          |             |            |              | 0:00:00  |        6520 |      |     |
| simplify_netlist        |           |          |           |          |             |            |              | 0:00:01  |        6520 |      |     |
| excluded_clk_net_fixing |           |          |           |          |             |            |              | 0:00:00  |        6520 |      |     |
| drv_fixing              |    -0.378 |   -0.428 |        -3 |      -10 |       30.48 |            |              | 0:00:02  |        6600 |    0 |   0 |
| global_opt              |           |   -0.015 |           |       -0 |       30.58 |            |              | 0:00:02  |        6600 |      |     |
| area_reclaiming         |     0.011 |    0.002 |         0 |        0 |       30.39 |            |              | 0:00:02  |        6608 |      |     |
| area_reclaiming_2       |     0.008 |   -0.005 |         0 |       -0 |       30.29 |            |              | 0:00:03  |        6608 |      |     |
| area_reclaiming_3       |     0.008 |   -0.005 |         0 |       -0 |       30.29 |            |              | 0:00:02  |        6608 |      |     |
| local_wire_reclaim      |           |          |           |          |             |            |              | 0:00:13  |        6544 |      |     |
| global_route            |           |          |           |          |             |      30.44 |       298.44 | 0:00:01  |        6454 |      |     |
| route_type_refinement_2 |           |          |           |          |             |            |              | 0:00:00  |        6454 |      |     |
| drv_eco_fixing          |     0.014 |   -0.080 |         0 |       -0 |       30.31 |            |              | 0:00:01  |        6544 |    0 |   0 |
| tns_eco_fixing          |     0.014 |    0.012 |         0 |        0 |       30.33 |            |              | 0:00:02  |        6672 |      |     |
| final_summary           |    -0.085 |   -0.085 |           |       -0 |       30.33 |      36.44 |       307.56 | 0:00:03  |        6464 |    0 |   0 |
 ------------------------------------------------------------------------------------------------------------------------------------------------------- 
