###############################################################
#  Generated by:      Cadence Innovus 23.15-s106_1
#  OS:                Linux x86_64(Host ID eda-4.EECS.Berkeley.EDU)
#  Generated on:      Mon May  4 19:10:53 2026
#  Design:            FFE
#  Command:           report_timing > ./build/innovus/reports/${TOP}_postcts_timing.rpt
###############################################################
Path 1: VIOLATED Setup Check with Pin mult2_reg_reg[2][17]/CK 
Endpoint:   mult2_reg_reg[2][17]/D (^) checked with  leading edge of 'clk'
Beginpoint: coeff_bus[21]          (^) triggered by  leading edge of 'clk'
Path Groups: {clk}
Analysis View: SS_SETUP_VIEW
Other End Arrival Time         -0.039
- Setup                         0.143
+ Phase Shift                   8.000
= Required Time                 7.818
- Arrival Time                  7.838
= Slack Time                   -0.020
     Clock Rise Edge                      0.000
     + Input Delay                        1.000
     = Beginpoint Arrival Time            1.000
     +------------------------------------------------------------------------------------------+ 
     |            Instance            |       Arc       |   Cell   | Delay | Arrival | Required | 
     |                                |                 |          |       |  Time   |   Time   | 
     |--------------------------------+-----------------+----------+-------+---------+----------| 
     |                                | coeff_bus[21] ^ |          |       |   1.000 |    0.980 | 
     | mul_132_49_I3_g3610            | A ^ -> Y v      | XOR2X2   | 0.645 |   1.645 |    1.625 | 
     | mul_131_49_I3_g3877            | A v -> Y ^      | NOR2X2   | 0.365 |   2.010 |    1.989 | 
     | FE_OFC2747_n_1627              | A ^ -> Y v      | CLKINVX2 | 0.253 |   2.263 |    2.242 | 
     | mul_131_49_I3_g1077            | A0 v -> Y ^     | OAI22X2  | 0.281 |   2.543 |    2.523 | 
     | mul_131_49_I3_cdnfadd_007_0    | A ^ -> S ^      | ADDFX1   | 0.701 |   3.245 |    3.225 | 
     | mul_131_49_I3_cdnfadd_007_1    | CI ^ -> S v     | ADDFX1   | 0.610 |   3.854 |    3.834 | 
     | FE_OFC1948_mul_131_49_I3_n_197 | A v -> Y ^      | CLKINVX2 | 0.170 |   4.025 |    4.004 | 
     | FE_OFC1949_mul_131_49_I3_n_197 | A ^ -> Y v      | CLKINVX2 | 0.111 |   4.136 |    4.115 | 
     | FE_RC_1965_0                   | A v -> Y ^      | NAND2X1  | 0.159 |   4.294 |    4.274 | 
     | FE_OFC2658_FE_RN_1697_0        | A ^ -> Y v      | CLKINVX2 | 0.091 |   4.386 |    4.365 | 
     | FE_RC_3309_0                   | A v -> Y ^      | NOR2X2   | 0.130 |   4.516 |    4.495 | 
     | FE_RC_3308_0                   | B ^ -> Y v      | NAND2X2  | 0.166 |   4.681 |    4.661 | 
     | FE_RC_3307_0                   | C v -> Y ^      | NAND3X2  | 0.127 |   4.808 |    4.788 | 
     | FE_RC_3142_0                   | C ^ -> Y v      | NAND3X2  | 0.175 |   4.984 |    4.963 | 
     | mul_131_49_I3_cdnfadd10        | CI v -> CO v    | ADDFX1   | 0.404 |   5.388 |    5.367 | 
     | mul_131_49_I3_cdnfadd11        | CI v -> CO v    | ADDFX1   | 0.562 |   5.949 |    5.929 | 
     | FE_RC_3378_0                   | B v -> Y ^      | NAND2X2  | 0.112 |   6.061 |    6.041 | 
     | FE_RC_3377_0                   | C ^ -> Y v      | NAND3X1  | 0.150 |   6.211 |    6.191 | 
     | mul_131_49_I3_cdnfadd14        | CI v -> CO v    | ADDFX1   | 0.397 |   6.609 |    6.588 | 
     | mul_131_49_I3_cdnfadd15        | CI v -> CO v    | ADDFX1   | 0.466 |   7.075 |    7.054 | 
     | FE_RC_3999_0                   | B v -> Y ^      | NAND2X1  | 0.118 |   7.193 |    7.173 | 
     | FE_RC_3998_0                   | B ^ -> Y v      | NAND2X1  | 0.173 |   7.366 |    7.345 | 
     | FE_OFC2614_mul_131_49_I3_n_155 | A v -> Y ^      | CLKINVX2 | 0.194 |   7.560 |    7.539 | 
     | g2928__5122                    | A ^ -> Y ^      | MX2X1    | 0.279 |   7.838 |    7.818 | 
     | mult2_reg_reg[2][17]           | D ^             | DFFRX1   | 0.000 |   7.838 |    7.818 | 
     +------------------------------------------------------------------------------------------+ 

