###############################################################
#  Generated by:      Cadence Innovus 23.15-s106_1
#  OS:                Linux x86_64(Host ID eda-4.EECS.Berkeley.EDU)
#  Generated on:      Thu Apr 16 20:21:00 2026
#  Design:            FFE
#  Command:           report_timing > ./build/innovus/reports/${TOP}_postplace_timing.rpt
###############################################################
Path 1: VIOLATED Setup Check with Pin shift_reg3_reg[2][7]/CK 
Endpoint:   shift_reg3_reg[2][7]/D (^) checked with  leading edge of 'clk'
Beginpoint: din_valid              (^) triggered by  leading edge of 'clk'
Path Groups: {clk}
Analysis View: SS_SETUP_VIEW
Other End Arrival Time          0.000
- Setup                         0.428
+ Phase Shift                   8.000
= Required Time                 7.572
- Arrival Time                 21.392
= Slack Time                  -13.820
     Clock Rise Edge                      0.000
     + Input Delay                        1.000
     = Beginpoint Arrival Time            1.000
     +----------------------------------------------------------------------------+ 
     |       Instance       |     Arc     |  Cell   |  Delay | Arrival | Required | 
     |                      |             |         |        |  Time   |   Time   | 
     |----------------------+-------------+---------+--------+---------+----------| 
     |                      | din_valid ^ |         |        |   1.000 |  -12.820 | 
     | g1442__5107          | A ^ -> Y v  | NAND2X4 |  8.123 |   9.123 |   -4.698 | 
     | g2906__9945          | S0 v -> Y ^ | MX2X1   | 12.270 |  21.392 |    7.572 | 
     | shift_reg3_reg[2][7] | D ^         | DFFRX1  |  0.000 |  21.392 |    7.572 | 
     +----------------------------------------------------------------------------+ 

