###############################################################
#  Generated by:      Cadence Innovus 23.15-s106_1
#  OS:                Linux x86_64(Host ID eda-4.EECS.Berkeley.EDU)
#  Generated on:      Mon May  4 19:08:44 2026
#  Design:            FFE
#  Command:           report_timing > ./build/innovus/reports/${TOP}_prects_timing.rpt
###############################################################
Path 1: VIOLATED Setup Check with Pin dout3_reg[19]/CK 
Endpoint:   dout3_reg[19]/D       (v) checked with  leading edge of 'clk'
Beginpoint: mult3_reg_reg[0][5]/Q (^) triggered by  leading edge of 'clk'
Path Groups: {clk}
Analysis View: SS_SETUP_VIEW
Other End Arrival Time          0.000
- Setup                         0.163
+ Phase Shift                   8.000
= Required Time                 7.837
- Arrival Time                  7.940
= Slack Time                   -0.103
     Clock Rise Edge                 0.000
     + Clock Network Latency (Ideal) 0.000
     = Beginpoint Arrival Time       0.000
     +------------------------------------------------------------------------------------------------------+ 
     |                   Instance                   |     Arc      |   Cell    | Delay | Arrival | Required | 
     |                                              |              |           |       |  Time   |   Time   | 
     |----------------------------------------------+--------------+-----------+-------+---------+----------| 
     | mult3_reg_reg[0][5]                          | CK ^         |           |       |   0.000 |   -0.103 | 
     | mult3_reg_reg[0][5]                          | CK ^ -> Q ^  | DFFRX1    | 0.487 |   0.487 |    0.384 | 
     | FE_OFC152_mult3_reg_0__5                     | A ^ -> Y ^   | CLKBUFX4  | 0.328 |   0.815 |    0.712 | 
     | csa_tree_ADD_TC_OP_6_groupi_g3255            | A ^ -> S ^   | ADDFX1    | 0.839 |   1.654 |    1.551 | 
     | csa_tree_ADD_TC_OP_6_groupi_g3198__4733      | B ^ -> S ^   | ADDFX1    | 0.903 |   2.557 |    2.454 | 
     | FE_RC_430_0                                  | A ^ -> Y ^   | OR2X1     | 0.325 |   2.882 |    2.779 | 
     | FE_RC_428_0                                  | A ^ -> Y ^   | CLKAND2X2 | 0.166 |   3.048 |    2.945 | 
     | FE_RC_422_0                                  | B1 ^ -> Y v  | OAI22X1   | 0.105 |   3.152 |    3.049 | 
     | FE_OFC1932_csa_tree_ADD_TC_OP_6_groupi_n_212 | A v -> Y ^   | CLKINVX1  | 0.174 |   3.326 |    3.223 | 
     | FE_RC_357_0                                  | A ^ -> Y v   | NAND2X1   | 0.211 |   3.537 |    3.434 | 
     | FE_RC_356_0                                  | B v -> Y ^   | NAND2X1   | 0.162 |   3.699 |    3.596 | 
     | FE_RC_355_0                                  | B ^ -> Y v   | NAND2X2   | 0.141 |   3.839 |    3.736 | 
     | FE_RC_866_0                                  | A v -> Y ^   | NAND2X1   | 0.135 |   3.974 |    3.871 | 
     | FE_RC_865_0                                  | B ^ -> Y v   | NAND2X2   | 0.149 |   4.123 |    4.021 | 
     | FE_RC_514_0                                  | A v -> Y ^   | NAND2X2   | 0.110 |   4.233 |    4.130 | 
     | FE_RC_513_0                                  | B ^ -> Y v   | NAND2X2   | 0.112 |   4.345 |    4.243 | 
     | FE_RC_217_0                                  | A v -> Y ^   | NAND2X1   | 0.137 |   4.482 |    4.380 | 
     | FE_RC_216_0                                  | B ^ -> Y v   | NAND2X2   | 0.138 |   4.621 |    4.518 | 
     | FE_RC_141_0                                  | A v -> Y ^   | NAND2X2   | 0.106 |   4.727 |    4.624 | 
     | FE_RC_140_0                                  | B ^ -> Y v   | NAND2X2   | 0.127 |   4.853 |    4.751 | 
     | FE_RC_99_0                                   | A v -> Y ^   | NAND2X2   | 0.129 |   4.982 |    4.880 | 
     | FE_RC_98_0                                   | B ^ -> Y v   | NAND2X4   | 0.108 |   5.090 |    4.988 | 
     | FE_RC_68_0                                   | A v -> Y ^   | NAND2X2   | 0.097 |   5.187 |    5.084 | 
     | FE_RC_67_0                                   | B ^ -> Y v   | NAND2X2   | 0.122 |   5.309 |    5.206 | 
     | FE_RC_30_0                                   | A v -> Y ^   | NAND2X2   | 0.131 |   5.440 |    5.337 | 
     | FE_RC_29_0                                   | B ^ -> Y v   | NAND2X4   | 0.105 |   5.545 |    5.443 | 
     | FE_RC_1806_0                                 | A v -> Y ^   | NAND2X2   | 0.124 |   5.669 |    5.566 | 
     | FE_RC_1805_0                                 | B ^ -> Y v   | NAND2X4   | 0.139 |   5.808 |    5.705 | 
     | FE_RC_838_0                                  | B v -> Y ^   | NAND2X4   | 0.110 |   5.918 |    5.815 | 
     | FE_RC_3907_0                                 | B1 ^ -> Y v  | OAI221X2  | 0.204 |   6.122 |    6.019 | 
     | csa_tree_ADD_TC_OP_6_groupi_g3144__2883      | CI v -> CO v | ADDFX1    | 0.435 |   6.557 |    6.454 | 
     | csa_tree_ADD_TC_OP_6_groupi_g3143__9945      | CI v -> CO v | ADDFX1    | 0.391 |   6.947 |    6.845 | 
     | csa_tree_ADD_TC_OP_6_groupi_g3142            | A v -> Y ^   | CLKINVX2  | 0.088 |   7.036 |    6.933 | 
     | csa_tree_ADD_TC_OP_6_groupi_g3141__9315      | CI ^ -> S ^  | ADDFX1    | 0.617 |   7.653 |    7.550 | 
     | FE_OFC789_csa_tree_ADD_TC_OP_6_groupi_n_259  | A ^ -> Y v   | CLKINVX2  | 0.098 |   7.751 |    7.648 | 
     | FE_RC_276_0                                  | B v -> Y ^   | NAND2X1   | 0.079 |   7.829 |    7.727 | 
     | FE_RC_275_0                                  | B ^ -> Y v   | NAND2X1   | 0.110 |   7.940 |    7.837 | 
     | dout3_reg[19]                                | D v          | DFFRX1    | 0.000 |   7.940 |    7.837 | 
     +------------------------------------------------------------------------------------------------------+ 

