###############################################################
#  Generated by:      Cadence Innovus 23.15-s106_1
#  OS:                Linux x86_64(Host ID eda-4.EECS.Berkeley.EDU)
#  Generated on:      Thu Apr 16 20:28:51 2026
#  Design:            FFE
#  Command:           report_timing > ./build/innovus/reports/${TOP}_final_timing.rpt
###############################################################
Path 1: MET Setup Check with Pin mult3_reg_reg[0][16]/CK 
Endpoint:   mult3_reg_reg[0][16]/D (^) checked with  leading edge of 'clk'
Beginpoint: coeff_bus[5]           (^) triggered by  leading edge of 'clk'
Path Groups: {clk}
Analysis View: SS_SETUP_VIEW
Other End Arrival Time          0.000
- Setup                         0.133
+ Phase Shift                   8.000
= Required Time                 7.867
- Arrival Time                  7.797
= Slack Time                    0.070
     Clock Rise Edge                      0.000
     + Input Delay                        1.000
     = Beginpoint Arrival Time            1.000
     +-------------------------------------------------------------------------------------+ 
     |          Instance          |      Arc       |   Cell   | Delay | Arrival | Required | 
     |                            |                |          |       |  Time   |   Time   | 
     |----------------------------+----------------+----------+-------+---------+----------| 
     |                            | coeff_bus[5] ^ |          |       |   1.000 |    1.070 | 
     | mul_78_43_I1_g1188         | A ^ -> Y v     | CLKINVX8 | 0.125 |   1.125 |    1.196 | 
     | mul_77_43_I1_g4012         | B v -> Y ^     | NOR2X2   | 0.343 |   1.469 |    1.539 | 
     | mul_77_43_I1_g4105         | B0 ^ -> Y v    | AOI21X1  | 0.249 |   1.718 |    1.788 | 
     | mul_77_43_I1_g4174         | B v -> Y ^     | NOR2X4   | 0.208 |   1.926 |    1.996 | 
     | FE_OFC2451_n_1403          | A ^ -> Y v     | INVX8    | 0.203 |   2.128 |    2.199 | 
     | mul_79_43_I1_g1075         | A0 v -> Y ^    | OAI22X1  | 0.276 |   2.404 |    2.475 | 
     | mul_79_43_I1_cdnfadd_007_0 | CI ^ -> S ^    | ADDFX1   | 0.707 |   3.111 |    3.182 | 
     | mul_79_43_I1_cdnfadd_007_1 | CI ^ -> S v    | ADDFX1   | 0.634 |   3.745 |    3.815 | 
     | FE_RC_3136_0               | A v -> Y ^     | NAND2X1  | 0.284 |   4.029 |    4.099 | 
     | FE_RC_3138_0               | B ^ -> Y v     | NAND2X1  | 0.204 |   4.232 |    4.303 | 
     | FE_RC_3137_0               | B v -> Y ^     | NAND2X1  | 0.130 |   4.362 |    4.432 | 
     | FE_RC_3475_0               | A ^ -> Y v     | NAND3X2  | 0.328 |   4.690 |    4.761 | 
     | FE_RC_2041_0               | A v -> Y ^     | NAND2X1  | 0.289 |   4.979 |    5.049 | 
     | FE_RC_2040_0               | C ^ -> Y v     | NAND3X4  | 0.270 |   5.248 |    5.319 | 
     | FE_RC_1159_0               | B1 v -> Y ^    | AOI22X2  | 0.198 |   5.446 |    5.517 | 
     | FE_RC_1158_0               | B ^ -> Y v     | NAND2X1  | 0.153 |   5.599 |    5.670 | 
     | mul_79_43_I1_cdnfadd13     | CI v -> CO v   | ADDFX1   | 0.388 |   5.988 |    6.058 | 
     | mul_79_43_I1_cdnfadd14     | CI v -> CO v   | ADDFX1   | 0.382 |   6.370 |    6.440 | 
     | mul_79_43_I1_cdnfadd15     | CI v -> CO v   | ADDFX1   | 0.384 |   6.754 |    6.824 | 
     | mul_79_43_I1_cdnfadd16     | CI v -> S ^    | ADDFX1   | 0.744 |   7.498 |    7.568 | 
     | g3284__3680                | A ^ -> Y ^     | MX2X1    | 0.299 |   7.797 |    7.867 | 
     | mult3_reg_reg[0][16]       | D ^            | DFFRX1   | 0.000 |   7.797 |    7.867 | 
     +-------------------------------------------------------------------------------------+ 

