###############################################################
#  Generated by:      Cadence Innovus 23.15-s106_1
#  OS:                Linux x86_64(Host ID eda-4.EECS.Berkeley.EDU)
#  Generated on:      Tue Apr 21 20:12:52 2026
#  Design:            FFE
#  Command:           report_timing > ./build/innovus/reports/${TOP}_postcts_opt_timing.rpt
###############################################################
Path 1: MET Setup Check with Pin mult3_reg_reg[4][17]/CK 
Endpoint:   mult3_reg_reg[4][17]/D (^) checked with  leading edge of 'clk'
Beginpoint: coeff_bus[33]          (^) triggered by  leading edge of 'clk'
Path Groups: {clk}
Analysis View: SS_SETUP_VIEW
Other End Arrival Time          0.050
- Setup                         0.147
+ Phase Shift                   8.000
= Required Time                 7.904
- Arrival Time                  7.901
= Slack Time                    0.003
     Clock Rise Edge                      0.000
     + Input Delay                        1.000
     = Beginpoint Arrival Time            1.000
     +-------------------------------------------------------------------------------------------+ 
     |            Instance            |       Arc       |   Cell    | Delay | Arrival | Required | 
     |                                |                 |           |       |  Time   |   Time   | 
     |--------------------------------+-----------------+-----------+-------+---------+----------| 
     |                                | coeff_bus[33] ^ |           |       |   1.000 |    1.003 | 
     | mul_132_49_I5_g3688            | A ^ -> Y v      | CLKXOR2X1 | 0.371 |   1.371 |    1.374 | 
     | FE_OFC842_n_1438               | A v -> Y v      | BUFX4     | 0.273 |   1.644 |    1.647 | 
     | FE_OFC2140_mul_132_49_I5_n_57  | A v -> Y ^      | CLKINVX4  | 0.296 |   1.940 |    1.943 | 
     | mul_132_49_I5_g1111            | A ^ -> Y v      | NOR2X1    | 0.220 |   2.161 |    2.163 | 
     | mul_132_49_I5_cdnfadd2         | A v -> CO v     | ADDFX1    | 0.460 |   2.620 |    2.623 | 
     | mul_132_49_I5_cdnfadd3         | CI v -> CO v    | ADDFX1    | 0.425 |   3.045 |    3.048 | 
     | mul_132_49_I5_cdnfadd4         | CI v -> CO v    | ADDFX1    | 0.397 |   3.442 |    3.444 | 
     | mul_132_49_I5_cdnfadd5         | CI v -> CO v    | ADDFX1    | 0.390 |   3.832 |    3.835 | 
     | mul_132_49_I5_cdnfadd6         | CI v -> CO v    | ADDFX1    | 0.443 |   4.275 |    4.278 | 
     | mul_132_49_I5_cdnfadd7         | CI v -> CO v    | ADDFX1    | 0.411 |   4.687 |    4.689 | 
     | mul_132_49_I5_cdnfadd8         | CI v -> CO v    | ADDFX1    | 0.415 |   5.102 |    5.104 | 
     | mul_132_49_I5_cdnfadd9         | CI v -> CO v    | ADDFX1    | 0.447 |   5.549 |    5.551 | 
     | mul_132_49_I5_cdnfadd10        | CI v -> CO v    | ADDFX1    | 0.597 |   6.146 |    6.149 | 
     | FE_RC_2984_0                   | A v -> Y ^      | NAND2X1   | 0.205 |   6.351 |    6.354 | 
     | FE_RC_2983_0                   | C ^ -> Y v      | NAND3X2   | 0.354 |   6.706 |    6.709 | 
     | FE_RC_1670_0                   | B v -> Y ^      | NAND2X2   | 0.155 |   6.861 |    6.864 | 
     | FE_RC_1669_0                   | C ^ -> Y v      | NAND3X2   | 0.300 |   7.162 |    7.164 | 
     | FE_RC_830_0                    | B v -> Y ^      | NAND2X1   | 0.156 |   7.318 |    7.321 | 
     | FE_RC_829_0                    | C ^ -> Y v      | NAND3X1   | 0.187 |   7.504 |    7.507 | 
     | FE_OFC1037_mul_132_49_I5_n_155 | A v -> Y ^      | CLKINVX2  | 0.125 |   7.629 |    7.632 | 
     | g3121__1617                    | A ^ -> Y ^      | MX2X1     | 0.271 |   7.901 |    7.903 | 
     | mult3_reg_reg[4][17]           | D ^             | DFFRX1    | 0.000 |   7.901 |    7.904 | 
     +-------------------------------------------------------------------------------------------+ 

