
Power Net Detected:
        Voltage	    Name
             0V	    VSS
          1.62V	    VDD
             0V	    VSS
           1.8V	    VDD
Using Power View TT_VIEW
.
Load RC corner of view TT_VIEW

Begin Power Analysis

             0V	    VSS
           1.8V	    VDD

Begin Processing Timing Library for Power Calculation

Ended Processing Timing Library for Power Calculation: (cpu=0:00:00, real=0:00:00, mem(process/total/peak)=5106.73MB/14196.11MB/5106.73MB)



Begin Processing Power Net/Grid for Power Calculation

Ended Processing Power Net/Grid for Power Calculation: (cpu=0:00:00, real=0:00:00, mem(process/total/peak)=5106.73MB/14196.11MB/5106.73MB)

Begin Processing Timing Window Data for Power Calculation

clk(125MHz) CK: assigning clock clk to net clk
Ended Processing Timing Window Data for Power Calculation: (cpu=0:00:00, real=0:00:00, mem(process/total/peak)=5107.42MB/14196.11MB/5107.42MB)

Begin Processing User Attributes

Ended Processing User Attributes: (cpu=0:00:00, real=0:00:00, mem(process/total/peak)=5107.42MB/14196.11MB/5107.42MB)

Begin Processing Signal Activity


Starting Levelizing
2026-May-04 19:14:42 (2026-May-05 02:14:42 GMT)
2026-May-04 19:14:42 (2026-May-05 02:14:42 GMT): 10%
2026-May-04 19:14:42 (2026-May-05 02:14:42 GMT): 20%
2026-May-04 19:14:42 (2026-May-05 02:14:42 GMT): 30%
2026-May-04 19:14:42 (2026-May-05 02:14:42 GMT): 40%
2026-May-04 19:14:42 (2026-May-05 02:14:42 GMT): 50%
2026-May-04 19:14:42 (2026-May-05 02:14:42 GMT): 60%
2026-May-04 19:14:42 (2026-May-05 02:14:42 GMT): 70%
2026-May-04 19:14:42 (2026-May-05 02:14:42 GMT): 80%
2026-May-04 19:14:42 (2026-May-05 02:14:42 GMT): 90%

Finished Levelizing
2026-May-04 19:14:42 (2026-May-05 02:14:42 GMT)

Starting Activity Propagation
2026-May-04 19:14:42 (2026-May-05 02:14:42 GMT)
** INFO:  (VOLTUS_POWR-1356): No default input activity has been set. Defaulting to 0.2.
Use 'set_default_switching_activity -input_activity' command to change the default activity value.

2026-May-04 19:14:42 (2026-May-05 02:14:42 GMT): 10%
2026-May-04 19:14:42 (2026-May-05 02:14:42 GMT): 20%

Finished Activity Propagation
2026-May-04 19:14:42 (2026-May-05 02:14:42 GMT)
Ended Processing Signal Activity: (cpu=0:00:00, real=0:00:00, mem(process/total/peak)=5107.95MB/14196.11MB/5107.95MB)

Begin Power Computation

      ----------------------------------------------------------
      # of cell(s) missing both power/leakage table: 0
      # of cell(s) missing power table: 0
      # of cell(s) missing leakage table: 0
      ----------------------------------------------------------



Starting Calculating power
2026-May-04 19:14:42 (2026-May-05 02:14:42 GMT)
2026-May-04 19:14:43 (2026-May-05 02:14:43 GMT): 10%
2026-May-04 19:14:43 (2026-May-05 02:14:43 GMT): 20%
2026-May-04 19:14:43 (2026-May-05 02:14:43 GMT): 30%
2026-May-04 19:14:43 (2026-May-05 02:14:43 GMT): 40%
2026-May-04 19:14:43 (2026-May-05 02:14:43 GMT): 50%
2026-May-04 19:14:43 (2026-May-05 02:14:43 GMT): 60%
2026-May-04 19:14:43 (2026-May-05 02:14:43 GMT): 70%
2026-May-04 19:14:43 (2026-May-05 02:14:43 GMT): 80%
2026-May-04 19:14:43 (2026-May-05 02:14:43 GMT): 90%

Finished Calculating power
2026-May-04 19:14:43 (2026-May-05 02:14:43 GMT)
      # of MSMV cell(s) missing power_level: 0
Ended Power Computation: (cpu=0:00:01, real=0:00:00, mem(process/total/peak)=5115.16MB/14276.14MB/5115.16MB)

Begin Processing User Attributes

Begin Processing set_power
Ended Processing set_power: (cpu=0:00:00, real=0:00:00,
mem(process/total/peak)=5115.16MB/14276.14MB/5115.16MB)
Ended Processing User Attributes: (cpu=0:00:00, real=0:00:00, mem(process/total/peak)=5115.16MB/14276.14MB/5115.16MB)

Ended Power Analysis: (cpu=0:00:01, real=0:00:00, mem(process/total/peak)=5115.16MB/14276.14MB/5115.16MB)

Begin Boundary Leakage Calculation
Ended Boundary Leakage Calculation: (cpu=0:00:00, real=0:00:00,
mem(process/total/peak)=5115.34MB/14276.14MB/5115.34MB)
Begin Static Power Report Generation
*----------------------------------------------------------------------------------------
*	Innovus 23.15-s106_1 (64bit) 07/16/2025 17:15 (Linux 3.10.0-693.el7.x86_64)
*	
*
* 	Date & Time:	2026-May-04 19:14:43 (2026-May-05 02:14:43 GMT)
*
*----------------------------------------------------------------------------------------
*
*	Design: FFE
*
*	Liberty Libraries used:
*	        /scratch/eecs251b-abi/project/EECS251b_FInal_Project/tech/lib/sky130_tt_1.8_25_nldm.lib
*	        /scratch/eecs251b-abi/project/EECS251b_FInal_Project/tech/lib/sky130_ff_1.98_0_nldm.lib
*	        /scratch/eecs251b-abi/project/EECS251b_FInal_Project/tech/lib/sky130_ss_1.62_125_nldm.lib
*
*	Parasitic Files used:
*
*       Dynamic View: TT_VIEW
*
*       Leakage View: TT_VIEW
*
*       User-Defined Activity : N.A.
*
*       Activity File: N.A.
*
*       Hierarchical Global Activity: N.A.
*
*       Global Activity: N.A.
*
*       Sequential Element Activity: 0.200000
*
*       Primary Input Activity: 0.200000
*
*       Default icg ratio: N.A.
*
*       Global Comb ClockGate Ratio: N.A.
*
*	Power Units = 1mW
*
*	Time Units = 1e-09 secs
*
*       report_power
*
-----------------------------------------------------------------------------------------
*



Total Power
-----------------------------------------------------------------------------------------
Total Internal Power:       13.67752513 	   46.1323%
Total Switching Power:      15.96373386 	   53.8433%
Total Leakage Power:         0.00723763 	    0.0244%
Total Power:                29.64849662
-----------------------------------------------------------------------------------------


Group                           Internal   Switching     Leakage       Total  Percentage 
                                Power      Power         Power         Power  (%)        
-----------------------------------------------------------------------------------------
Sequential                         6.414      0.7756    0.002208       7.191       24.26
Macro                                  0           0           0           0           0
IO                                     0           0           0           0           0
Combinational                      6.597       13.45    0.004977       20.06       67.65
Clock (Combinational)             0.6668       1.734   5.256e-05       2.401       8.097
Clock (Sequential)                     0           0           0           0           0
-----------------------------------------------------------------------------------------
Total                              13.68       15.96    0.007238       29.65         100
-----------------------------------------------------------------------------------------


Rail                  Voltage   Internal   Switching     Leakage       Total  Percentage 
                                Power      Power         Power         Power  (%)        
-----------------------------------------------------------------------------------------
VDD                       1.8      13.68       15.96    0.007238       29.65         100


Clock                           Internal   Switching     Leakage       Total  Percentage 
                                Power      Power         Power         Power  (%)        
-----------------------------------------------------------------------------------------
clk                               0.6668       1.734   5.256e-05       2.401       8.097
-----------------------------------------------------------------------------------------
Total                             0.6668       1.734   5.256e-05       2.401       8.097
-----------------------------------------------------------------------------------------
Clock: clk
Clock Period: 0.008000 usec 
Clock Toggle Rate:   250.0000 Mhz 
Clock Static Probability:  0.5000
  
 
 
-----------------------------------------------------------------------------------------
*	Power Distribution Summary: 
*              Highest Average Power:       CTS_ccl_a_buf_00044 (CLKBUFX8):          0.07466
*              Highest Leakage Power:      mult2_reg_reg[2][16] (DFFRX4):        3.371e-06
*                Total Cap:      1.96048e-10 F
*                Total instances in design: 11736
*                Total instances in design with no power:     0
*                Total instances in design with no activty:     0

*                Total Fillers and Decap:     0
-----------------------------------------------------------------------------------------
 
** INFO:  (VOLTUS_POWR-3465): There are 0 decaps and 0 fillers in the design

Ended Static Power Report Generation: (cpu=0:00:00, real=0:00:00,
mem(process/total/peak)=5116.96MB/14276.14MB/5116.96MB)

