VERIFY_CONNECTIVITY use new engine.

******** Start: VERIFY CONNECTIVITY ********
Start Time: Mon May  4 19:14:41 2026

Design Name: FFE
Database Units: 1000
Design Boundary: (0.0000, 0.0000) (826.1600, 818.3400)
Error Limit = 1000; Warning Limit = 1000
Check all nets
Use 8 pthreads
Net clk: Found a geometry with bounding box (0.00,-0.15) (0.80,0.15) outside the design boundary.
Violations for such geometries will be reported.
Net din0[9]: Found a geometry with bounding box (-0.07,0.00) (0.07,0.49) outside the design boundary.
Violations for such geometries will be reported.
Net coeff_bus[63]: Found a geometry with bounding box (-0.07,817.85) (0.07,818.34) outside the design boundary.
Violations for such geometries will be reported.
Net dout1[0]: Found a geometry with bounding box (825.36,818.18) (826.16,818.48) outside the design boundary.
Violations for such geometries will be reported.
Net dout3[0]: Found a geometry with bounding box (826.08,0.00) (826.22,0.49) outside the design boundary.
Violations for such geometries will be reported.

Begin Summary 
  Found no problems or warnings.
End Summary

End Time: Mon May  4 19:14:41 2026
Time Elapsed: 0:00:00.0

******** End: VERIFY CONNECTIVITY ********
  Verification Complete : 0 Viols.  0 Wrngs.
  (CPU Time: 0:00:00.6  MEM: 0.000M)

