**INFO: Starting Blocking QThread with 8 CPU
   ____________________________________________________________________
__/ message from Blocking QThread
Multi-CPU acceleration using 8 CPU(s).
*** QThread MetricCollect [begin] (IncrReplace #1 / place_opt_design #1) : mem = 0.2M
Multithreaded Timing Analysis is initialized with 8 threads

###############################################################
#  Generated by:      Cadence Innovus 23.15-s106_1
#  OS:                Linux x86_64(Host ID eda-4.EECS.Berkeley.EDU)
#  Generated on:      Tue Apr 14 21:31:36 2026
#  Design:            FFE
#  Command:           optDesign -preCTS
###############################################################

REPORT ANALYSIS SUMMARY (View:SS_SETUP_VIEW) (EL:Setup)
=========================================================================================================================================================================================================

GroupType:*
=========================================================================================================================================================================================================

         All                             IN2REG                          IN2OUT                           REG2REG                              REG2OUT
    -----------------------------------------------------------------------------------------------------------------------------------------------------------------------------------------------------  
     WNS:TNS:#VIO                     WNS:TNS:#VIO                     WNS:TNS:#VIO                     WNS:TNS:#VIO                     WNS:TNS:#VIO                     FromClk->ToClk                   
    -----------------------------------------------------------------------------------------------------------------------------------------------------------------------------------------------------  
    -4.765:-220.426:93               -4.765:-139.136:53               0.000:0.000:0                    -3.512:-81.291:40                0.000:0.000:0                    *->*
    -----------------------------------------------------------------------------------------------------------------------------------------------------------------------------------------------------

REPORT ANALYSIS SUMMARY (View:TT_VIEW) (EL:Setup)
=========================================================================================================================================================================================================
Ending "set_metric_timing_analysis_summary" (total cpu=0:00:00.1, real=0:00:00.0, peak res=3617.3M, current mem=2608.9M)
Ending "get_summary_setup_timing" (total cpu=0:00:00.2, real=0:00:00.0, peak res=3617.3M, current mem=2610.6M)
*** QThread MetricCollect [finish] (IncrReplace #1 / place_opt_design #1) : cpu/real = 0:00:00.2/0:00:00.2 (1.0), mem = 0.0M
_______________________________________________________________________
