============================================================
  Generated by:           Genus(TM) Synthesis Solution 23.15-s099_1
  Generated on:           Apr 15 2026  04:11:55 pm
  Module:                 FFE
  Operating conditions:   tt_1.8_25 (balanced_tree)
  Wireload mode:          enclosed
  Area mode:              timing library
============================================================


Path 1: MET (2702 ps) Setup Check with Pin mult3_reg_reg[5][16]/CK->D
          Group: clk
     Startpoint: (R) coeff_bus[41]
          Clock: (R) clk
       Endpoint: (R) mult3_reg_reg[5][16]/D
          Clock: (R) clk

                     Capture       Launch     
        Clock Edge:+    8000            0     
        Drv Adjust:+       0            0     
       Src Latency:+       0            0     
       Net Latency:+       0 (I)        0 (I) 
           Arrival:=    8000            0     
                                              
             Setup:-      94                  
     Required Time:=    7906                  
      Launch Clock:-       0                  
       Input Delay:-    1000                  
         Data Path:-    4203                  
             Slack:=    2702                  

Exceptions/Constraints:
  input_delay             1000            ffe.sdc_line_3_65_1   

#-------------------------------------------------------------------------------------------------------
#        Timing Point          Flags    Arc   Edge   Cell     Fanout  Load Trans Delay Arrival Instance 
#                                                                     (fF)  (ps)  (ps)   (ps)  Location 
#-------------------------------------------------------------------------------------------------------
  coeff_bus[41]                -       -      R     (arrival)     51 106.9     0     0    1000    (-,-) 
  mul_79_43_I6_g4001/Y         -       A->Y   F     CLKXOR2X1     25  75.5   270   401    1401    (-,-) 
  mul_79_43_I6_g1108/Y         -       B->Y   R     NOR2X1         6  20.1   309   328    1728    (-,-) 
  mul_79_43_I6_g1107/Y         -       A->Y   F     CLKINVX2       5  14.0    81    92    1820    (-,-) 
  mul_79_43_I6_g1079/Y         -       A0->Y  R     OAI22X1        1   6.2   162   165    1985    (-,-) 
  mul_79_43_I6_cdnfadd_004_0/S -       B->S   F     ADDFX1         1   6.1    59   309    2294    (-,-) 
  mul_79_43_I6_cdnfadd4/CO     -       B->CO  F     ADDFX1         1   5.0    56   224    2519    (-,-) 
  mul_79_43_I6_cdnfadd5/CO     -       CI->CO F     ADDFX1         1   5.0    56   208    2726    (-,-) 
  mul_79_43_I6_cdnfadd6/CO     -       CI->CO F     ADDFX1         1   5.0    56   208    2934    (-,-) 
  mul_79_43_I6_cdnfadd7/CO     -       CI->CO F     ADDFX1         1   5.0    56   208    3141    (-,-) 
  mul_79_43_I6_cdnfadd8/CO     -       CI->CO F     ADDFX1         1   5.0    56   208    3349    (-,-) 
  mul_79_43_I6_cdnfadd9/CO     -       CI->CO F     ADDFX1         1   5.0    56   208    3556    (-,-) 
  mul_79_43_I6_cdnfadd10/CO    -       CI->CO F     ADDFX1         1   5.0    56   208    3764    (-,-) 
  mul_79_43_I6_cdnfadd11/CO    -       CI->CO F     ADDFX1         1   5.0    56   208    3971    (-,-) 
  mul_79_43_I6_cdnfadd12/CO    -       CI->CO F     ADDFX1         1   5.0    56   208    4179    (-,-) 
  mul_79_43_I6_cdnfadd13/CO    -       CI->CO F     ADDFX1         1   5.0    56   208    4386    (-,-) 
  mul_79_43_I6_cdnfadd14/CO    -       CI->CO F     ADDFX1         1   5.0    56   208    4594    (-,-) 
  mul_79_43_I6_cdnfadd15/CO    -       CI->CO F     ADDFX1         1   5.0    56   208    4801    (-,-) 
  mul_79_43_I6_cdnfadd16/S     -       CI->S  R     ADDFX1         1   1.8    36   299    5101    (-,-) 
  g2442__5526/Y                -       A->Y   R     MX2X1          1   1.8    40   102    5203    (-,-) 
  mult3_reg_reg[5][16]/D       -       -      R     DFFRX1         1     -     -     0    5203    (-,-) 
#-------------------------------------------------------------------------------------------------------



Path 2: MET (2702 ps) Setup Check with Pin mult3_reg_reg[4][16]/CK->D
          Group: clk
     Startpoint: (R) coeff_bus[33]
          Clock: (R) clk
       Endpoint: (R) mult3_reg_reg[4][16]/D
          Clock: (R) clk

                     Capture       Launch     
        Clock Edge:+    8000            0     
        Drv Adjust:+       0            0     
       Src Latency:+       0            0     
       Net Latency:+       0 (I)        0 (I) 
           Arrival:=    8000            0     
                                              
             Setup:-      94                  
     Required Time:=    7906                  
      Launch Clock:-       0                  
       Input Delay:-    1000                  
         Data Path:-    4203                  
             Slack:=    2702                  

Exceptions/Constraints:
  input_delay             1000            ffe.sdc_line_3_73_1   

#-------------------------------------------------------------------------------------------------------
#        Timing Point          Flags    Arc   Edge   Cell     Fanout  Load Trans Delay Arrival Instance 
#                                                                     (fF)  (ps)  (ps)   (ps)  Location 
#-------------------------------------------------------------------------------------------------------
  coeff_bus[33]                -       -      R     (arrival)     51 106.9     0     0    1000    (-,-) 
  mul_79_43_I5_g4000/Y         -       A->Y   F     CLKXOR2X1     25  75.5   270   401    1401    (-,-) 
  mul_79_43_I5_g1108/Y         -       B->Y   R     NOR2X1         6  20.1   309   328    1728    (-,-) 
  mul_79_43_I5_g1107/Y         -       A->Y   F     CLKINVX2       5  14.0    81    92    1820    (-,-) 
  mul_79_43_I5_g1079/Y         -       A0->Y  R     OAI22X1        1   6.2   162   165    1985    (-,-) 
  mul_79_43_I5_cdnfadd_004_0/S -       B->S   F     ADDFX1         1   6.1    59   309    2294    (-,-) 
  mul_79_43_I5_cdnfadd4/CO     -       B->CO  F     ADDFX1         1   5.0    56   224    2519    (-,-) 
  mul_79_43_I5_cdnfadd5/CO     -       CI->CO F     ADDFX1         1   5.0    56   208    2726    (-,-) 
  mul_79_43_I5_cdnfadd6/CO     -       CI->CO F     ADDFX1         1   5.0    56   208    2934    (-,-) 
  mul_79_43_I5_cdnfadd7/CO     -       CI->CO F     ADDFX1         1   5.0    56   208    3141    (-,-) 
  mul_79_43_I5_cdnfadd8/CO     -       CI->CO F     ADDFX1         1   5.0    56   208    3349    (-,-) 
  mul_79_43_I5_cdnfadd9/CO     -       CI->CO F     ADDFX1         1   5.0    56   208    3556    (-,-) 
  mul_79_43_I5_cdnfadd10/CO    -       CI->CO F     ADDFX1         1   5.0    56   208    3764    (-,-) 
  mul_79_43_I5_cdnfadd11/CO    -       CI->CO F     ADDFX1         1   5.0    56   208    3971    (-,-) 
  mul_79_43_I5_cdnfadd12/CO    -       CI->CO F     ADDFX1         1   5.0    56   208    4179    (-,-) 
  mul_79_43_I5_cdnfadd13/CO    -       CI->CO F     ADDFX1         1   5.0    56   208    4386    (-,-) 
  mul_79_43_I5_cdnfadd14/CO    -       CI->CO F     ADDFX1         1   5.0    56   208    4594    (-,-) 
  mul_79_43_I5_cdnfadd15/CO    -       CI->CO F     ADDFX1         1   5.0    56   208    4801    (-,-) 
  mul_79_43_I5_cdnfadd16/S     -       CI->S  R     ADDFX1         1   1.8    36   299    5101    (-,-) 
  g2414__5526/Y                -       A->Y   R     MX2X1          1   1.8    40   102    5203    (-,-) 
  mult3_reg_reg[4][16]/D       -       -      R     DFFRX1         1     -     -     0    5203    (-,-) 
#-------------------------------------------------------------------------------------------------------



Path 3: MET (2702 ps) Setup Check with Pin mult3_reg_reg[3][16]/CK->D
          Group: clk
     Startpoint: (R) coeff_bus[25]
          Clock: (R) clk
       Endpoint: (R) mult3_reg_reg[3][16]/D
          Clock: (R) clk

                     Capture       Launch     
        Clock Edge:+    8000            0     
        Drv Adjust:+       0            0     
       Src Latency:+       0            0     
       Net Latency:+       0 (I)        0 (I) 
           Arrival:=    8000            0     
                                              
             Setup:-      94                  
     Required Time:=    7906                  
      Launch Clock:-       0                  
       Input Delay:-    1000                  
         Data Path:-    4203                  
             Slack:=    2702                  

Exceptions/Constraints:
  input_delay             1000            ffe.sdc_line_3_81_1   

#-------------------------------------------------------------------------------------------------------
#        Timing Point          Flags    Arc   Edge   Cell     Fanout  Load Trans Delay Arrival Instance 
#                                                                     (fF)  (ps)  (ps)   (ps)  Location 
#-------------------------------------------------------------------------------------------------------
  coeff_bus[25]                -       -      R     (arrival)     51 106.9     0     0    1000    (-,-) 
  mul_76_43_I4_g3999/Y         -       A->Y   F     CLKXOR2X1     25  75.5   270   401    1401    (-,-) 
  mul_79_43_I4_g1108/Y         -       B->Y   R     NOR2X1         6  20.1   309   328    1728    (-,-) 
  mul_79_43_I4_g1107/Y         -       A->Y   F     CLKINVX2       5  14.0    81    92    1820    (-,-) 
  mul_79_43_I4_g1079/Y         -       A0->Y  R     OAI22X1        1   6.2   162   165    1985    (-,-) 
  mul_79_43_I4_cdnfadd_004_0/S -       B->S   F     ADDFX1         1   6.1    59   309    2294    (-,-) 
  mul_79_43_I4_cdnfadd4/CO     -       B->CO  F     ADDFX1         1   5.0    56   224    2519    (-,-) 
  mul_79_43_I4_cdnfadd5/CO     -       CI->CO F     ADDFX1         1   5.0    56   208    2726    (-,-) 
  mul_79_43_I4_cdnfadd6/CO     -       CI->CO F     ADDFX1         1   5.0    56   208    2934    (-,-) 
  mul_79_43_I4_cdnfadd7/CO     -       CI->CO F     ADDFX1         1   5.0    56   208    3141    (-,-) 
  mul_79_43_I4_cdnfadd8/CO     -       CI->CO F     ADDFX1         1   5.0    56   208    3349    (-,-) 
  mul_79_43_I4_cdnfadd9/CO     -       CI->CO F     ADDFX1         1   5.0    56   208    3556    (-,-) 
  mul_79_43_I4_cdnfadd10/CO    -       CI->CO F     ADDFX1         1   5.0    56   208    3764    (-,-) 
  mul_79_43_I4_cdnfadd11/CO    -       CI->CO F     ADDFX1         1   5.0    56   208    3971    (-,-) 
  mul_79_43_I4_cdnfadd12/CO    -       CI->CO F     ADDFX1         1   5.0    56   208    4179    (-,-) 
  mul_79_43_I4_cdnfadd13/CO    -       CI->CO F     ADDFX1         1   5.0    56   208    4386    (-,-) 
  mul_79_43_I4_cdnfadd14/CO    -       CI->CO F     ADDFX1         1   5.0    56   208    4594    (-,-) 
  mul_79_43_I4_cdnfadd15/CO    -       CI->CO F     ADDFX1         1   5.0    56   208    4801    (-,-) 
  mul_79_43_I4_cdnfadd16/S     -       CI->S  R     ADDFX1         1   1.8    36   299    5101    (-,-) 
  g3366__5526/Y                -       A->Y   R     MX2X1          1   1.8    40   102    5203    (-,-) 
  mult3_reg_reg[3][16]/D       -       -      R     DFFRX1         1     -     -     0    5203    (-,-) 
#-------------------------------------------------------------------------------------------------------



Path 4: MET (2702 ps) Setup Check with Pin mult3_reg_reg[2][16]/CK->D
          Group: clk
     Startpoint: (R) coeff_bus[17]
          Clock: (R) clk
       Endpoint: (R) mult3_reg_reg[2][16]/D
          Clock: (R) clk

                     Capture       Launch     
        Clock Edge:+    8000            0     
        Drv Adjust:+       0            0     
       Src Latency:+       0            0     
       Net Latency:+       0 (I)        0 (I) 
           Arrival:=    8000            0     
                                              
             Setup:-      94                  
     Required Time:=    7906                  
      Launch Clock:-       0                  
       Input Delay:-    1000                  
         Data Path:-    4203                  
             Slack:=    2702                  

Exceptions/Constraints:
  input_delay             1000            ffe.sdc_line_3_89_1   

#-------------------------------------------------------------------------------------------------------
#        Timing Point          Flags    Arc   Edge   Cell     Fanout  Load Trans Delay Arrival Instance 
#                                                                     (fF)  (ps)  (ps)   (ps)  Location 
#-------------------------------------------------------------------------------------------------------
  coeff_bus[17]                -       -      R     (arrival)     51 106.9     0     0    1000    (-,-) 
  mul_79_43_I3_g3998/Y         -       A->Y   F     CLKXOR2X1     25  75.5   270   401    1401    (-,-) 
  mul_79_43_I3_g1108/Y         -       B->Y   R     NOR2X1         6  20.1   309   328    1728    (-,-) 
  mul_79_43_I3_g1107/Y         -       A->Y   F     CLKINVX2       5  14.0    81    92    1820    (-,-) 
  mul_79_43_I3_g1079/Y         -       A0->Y  R     OAI22X1        1   6.2   162   165    1985    (-,-) 
  mul_79_43_I3_cdnfadd_004_0/S -       B->S   F     ADDFX1         1   6.1    59   309    2294    (-,-) 
  mul_79_43_I3_cdnfadd4/CO     -       B->CO  F     ADDFX1         1   5.0    56   224    2519    (-,-) 
  mul_79_43_I3_cdnfadd5/CO     -       CI->CO F     ADDFX1         1   5.0    56   208    2726    (-,-) 
  mul_79_43_I3_cdnfadd6/CO     -       CI->CO F     ADDFX1         1   5.0    56   208    2934    (-,-) 
  mul_79_43_I3_cdnfadd7/CO     -       CI->CO F     ADDFX1         1   5.0    56   208    3141    (-,-) 
  mul_79_43_I3_cdnfadd8/CO     -       CI->CO F     ADDFX1         1   5.0    56   208    3349    (-,-) 
  mul_79_43_I3_cdnfadd9/CO     -       CI->CO F     ADDFX1         1   5.0    56   208    3556    (-,-) 
  mul_79_43_I3_cdnfadd10/CO    -       CI->CO F     ADDFX1         1   5.0    56   208    3764    (-,-) 
  mul_79_43_I3_cdnfadd11/CO    -       CI->CO F     ADDFX1         1   5.0    56   208    3971    (-,-) 
  mul_79_43_I3_cdnfadd12/CO    -       CI->CO F     ADDFX1         1   5.0    56   208    4179    (-,-) 
  mul_79_43_I3_cdnfadd13/CO    -       CI->CO F     ADDFX1         1   5.0    56   208    4386    (-,-) 
  mul_79_43_I3_cdnfadd14/CO    -       CI->CO F     ADDFX1         1   5.0    56   208    4594    (-,-) 
  mul_79_43_I3_cdnfadd15/CO    -       CI->CO F     ADDFX1         1   5.0    56   208    4801    (-,-) 
  mul_79_43_I3_cdnfadd16/S     -       CI->S  R     ADDFX1         1   1.8    36   299    5101    (-,-) 
  g3339__6783/Y                -       A->Y   R     MX2X1          1   1.8    40   102    5203    (-,-) 
  mult3_reg_reg[2][16]/D       -       -      R     DFFRX1         1     -     -     0    5203    (-,-) 
#-------------------------------------------------------------------------------------------------------



Path 5: MET (2702 ps) Setup Check with Pin mult3_reg_reg[1][16]/CK->D
          Group: clk
     Startpoint: (R) coeff_bus[9]
          Clock: (R) clk
       Endpoint: (R) mult3_reg_reg[1][16]/D
          Clock: (R) clk

                     Capture       Launch     
        Clock Edge:+    8000            0     
        Drv Adjust:+       0            0     
       Src Latency:+       0            0     
       Net Latency:+       0 (I)        0 (I) 
           Arrival:=    8000            0     
                                              
             Setup:-      94                  
     Required Time:=    7906                  
      Launch Clock:-       0                  
       Input Delay:-    1000                  
         Data Path:-    4203                  
             Slack:=    2702                  

Exceptions/Constraints:
  input_delay             1000            ffe.sdc_line_3_97_1   

#-------------------------------------------------------------------------------------------------------
#        Timing Point          Flags    Arc   Edge   Cell     Fanout  Load Trans Delay Arrival Instance 
#                                                                     (fF)  (ps)  (ps)   (ps)  Location 
#-------------------------------------------------------------------------------------------------------
  coeff_bus[9]                 -       -      R     (arrival)     51 106.9     0     0    1000    (-,-) 
  mul_79_43_I2_g3997/Y         -       A->Y   F     CLKXOR2X1     25  75.5   270   401    1401    (-,-) 
  mul_79_43_I2_g1108/Y         -       B->Y   R     NOR2X1         6  20.1   309   328    1728    (-,-) 
  mul_79_43_I2_g1107/Y         -       A->Y   F     CLKINVX2       5  14.0    81    92    1820    (-,-) 
  mul_79_43_I2_g1079/Y         -       A0->Y  R     OAI22X1        1   6.2   162   165    1985    (-,-) 
  mul_79_43_I2_cdnfadd_004_0/S -       B->S   F     ADDFX1         1   6.1    59   309    2294    (-,-) 
  mul_79_43_I2_cdnfadd4/CO     -       B->CO  F     ADDFX1         1   5.0    56   224    2519    (-,-) 
  mul_79_43_I2_cdnfadd5/CO     -       CI->CO F     ADDFX1         1   5.0    56   208    2726    (-,-) 
  mul_79_43_I2_cdnfadd6/CO     -       CI->CO F     ADDFX1         1   5.0    56   208    2934    (-,-) 
  mul_79_43_I2_cdnfadd7/CO     -       CI->CO F     ADDFX1         1   5.0    56   208    3141    (-,-) 
  mul_79_43_I2_cdnfadd8/CO     -       CI->CO F     ADDFX1         1   5.0    56   208    3349    (-,-) 
  mul_79_43_I2_cdnfadd9/CO     -       CI->CO F     ADDFX1         1   5.0    56   208    3556    (-,-) 
  mul_79_43_I2_cdnfadd10/CO    -       CI->CO F     ADDFX1         1   5.0    56   208    3764    (-,-) 
  mul_79_43_I2_cdnfadd11/CO    -       CI->CO F     ADDFX1         1   5.0    56   208    3971    (-,-) 
  mul_79_43_I2_cdnfadd12/CO    -       CI->CO F     ADDFX1         1   5.0    56   208    4179    (-,-) 
  mul_79_43_I2_cdnfadd13/CO    -       CI->CO F     ADDFX1         1   5.0    56   208    4386    (-,-) 
  mul_79_43_I2_cdnfadd14/CO    -       CI->CO F     ADDFX1         1   5.0    56   208    4594    (-,-) 
  mul_79_43_I2_cdnfadd15/CO    -       CI->CO F     ADDFX1         1   5.0    56   208    4801    (-,-) 
  mul_79_43_I2_cdnfadd16/S     -       CI->S  R     ADDFX1         1   1.8    36   299    5101    (-,-) 
  g3312__3680/Y                -       A->Y   R     MX2X1          1   1.8    40   102    5203    (-,-) 
  mult3_reg_reg[1][16]/D       -       -      R     DFFRX1         1     -     -     0    5203    (-,-) 
#-------------------------------------------------------------------------------------------------------



Path 6: MET (2702 ps) Setup Check with Pin mult2_reg_reg[7][16]/CK->D
          Group: clk
     Startpoint: (R) coeff_bus[57]
          Clock: (R) clk
       Endpoint: (R) mult2_reg_reg[7][16]/D
          Clock: (R) clk

                     Capture       Launch     
        Clock Edge:+    8000            0     
        Drv Adjust:+       0            0     
       Src Latency:+       0            0     
       Net Latency:+       0 (I)        0 (I) 
           Arrival:=    8000            0     
                                              
             Setup:-      94                  
     Required Time:=    7906                  
      Launch Clock:-       0                  
       Input Delay:-    1000                  
         Data Path:-    4203                  
             Slack:=    2702                  

Exceptions/Constraints:
  input_delay             1000            ffe.sdc_line_3_49_1   

#-------------------------------------------------------------------------------------------------------
#        Timing Point          Flags    Arc   Edge   Cell     Fanout  Load Trans Delay Arrival Instance 
#                                                                     (fF)  (ps)  (ps)   (ps)  Location 
#-------------------------------------------------------------------------------------------------------
  coeff_bus[57]                -       -      R     (arrival)     51 106.9     0     0    1000    (-,-) 
  mul_79_43_I8_g4003/Y         -       A->Y   F     CLKXOR2X1     25  75.5   270   401    1401    (-,-) 
  mul_78_43_I8_g1108/Y         -       B->Y   R     NOR2X1         6  20.1   309   328    1728    (-,-) 
  mul_78_43_I8_g1107/Y         -       A->Y   F     CLKINVX2       5  14.0    81    92    1820    (-,-) 
  mul_78_43_I8_g1079/Y         -       A0->Y  R     OAI22X1        1   6.2   162   165    1985    (-,-) 
  mul_78_43_I8_cdnfadd_004_0/S -       B->S   F     ADDFX1         1   6.1    59   309    2294    (-,-) 
  mul_78_43_I8_cdnfadd4/CO     -       B->CO  F     ADDFX1         1   5.0    56   224    2519    (-,-) 
  mul_78_43_I8_cdnfadd5/CO     -       CI->CO F     ADDFX1         1   5.0    56   208    2726    (-,-) 
  mul_78_43_I8_cdnfadd6/CO     -       CI->CO F     ADDFX1         1   5.0    56   208    2934    (-,-) 
  mul_78_43_I8_cdnfadd7/CO     -       CI->CO F     ADDFX1         1   5.0    56   208    3141    (-,-) 
  mul_78_43_I8_cdnfadd8/CO     -       CI->CO F     ADDFX1         1   5.0    56   208    3349    (-,-) 
  mul_78_43_I8_cdnfadd9/CO     -       CI->CO F     ADDFX1         1   5.0    56   208    3556    (-,-) 
  mul_78_43_I8_cdnfadd10/CO    -       CI->CO F     ADDFX1         1   5.0    56   208    3764    (-,-) 
  mul_78_43_I8_cdnfadd11/CO    -       CI->CO F     ADDFX1         1   5.0    56   208    3971    (-,-) 
  mul_78_43_I8_cdnfadd12/CO    -       CI->CO F     ADDFX1         1   5.0    56   208    4179    (-,-) 
  mul_78_43_I8_cdnfadd13/CO    -       CI->CO F     ADDFX1         1   5.0    56   208    4386    (-,-) 
  mul_78_43_I8_cdnfadd14/CO    -       CI->CO F     ADDFX1         1   5.0    56   208    4594    (-,-) 
  mul_78_43_I8_cdnfadd15/CO    -       CI->CO F     ADDFX1         1   5.0    56   208    4801    (-,-) 
  mul_78_43_I8_cdnfadd16/S     -       CI->S  R     ADDFX1         1   1.8    36   299    5101    (-,-) 
  g3258__2802/Y                -       A->Y   R     MX2X1          1   1.8    40   102    5203    (-,-) 
  mult2_reg_reg[7][16]/D       -       -      R     DFFRX1         1     -     -     0    5203    (-,-) 
#-------------------------------------------------------------------------------------------------------



Path 7: MET (2702 ps) Setup Check with Pin mult2_reg_reg[5][16]/CK->D
          Group: clk
     Startpoint: (R) coeff_bus[41]
          Clock: (R) clk
       Endpoint: (R) mult2_reg_reg[5][16]/D
          Clock: (R) clk

                     Capture       Launch     
        Clock Edge:+    8000            0     
        Drv Adjust:+       0            0     
       Src Latency:+       0            0     
       Net Latency:+       0 (I)        0 (I) 
           Arrival:=    8000            0     
                                              
             Setup:-      94                  
     Required Time:=    7906                  
      Launch Clock:-       0                  
       Input Delay:-    1000                  
         Data Path:-    4203                  
             Slack:=    2702                  

Exceptions/Constraints:
  input_delay             1000            ffe.sdc_line_3_65_1   

#-------------------------------------------------------------------------------------------------------
#        Timing Point          Flags    Arc   Edge   Cell     Fanout  Load Trans Delay Arrival Instance 
#                                                                     (fF)  (ps)  (ps)   (ps)  Location 
#-------------------------------------------------------------------------------------------------------
  coeff_bus[41]                -       -      R     (arrival)     51 106.9     0     0    1000    (-,-) 
  mul_79_43_I6_g4001/Y         -       A->Y   F     CLKXOR2X1     25  75.5   270   401    1401    (-,-) 
  mul_78_43_I6_g1108/Y         -       B->Y   R     NOR2X1         6  20.1   309   328    1728    (-,-) 
  mul_78_43_I6_g1107/Y         -       A->Y   F     CLKINVX2       5  14.0    81    92    1820    (-,-) 
  mul_78_43_I6_g1079/Y         -       A0->Y  R     OAI22X1        1   6.2   162   165    1985    (-,-) 
  mul_78_43_I6_cdnfadd_004_0/S -       B->S   F     ADDFX1         1   6.1    59   309    2294    (-,-) 
  mul_78_43_I6_cdnfadd4/CO     -       B->CO  F     ADDFX1         1   5.0    56   224    2519    (-,-) 
  mul_78_43_I6_cdnfadd5/CO     -       CI->CO F     ADDFX1         1   5.0    56   208    2726    (-,-) 
  mul_78_43_I6_cdnfadd6/CO     -       CI->CO F     ADDFX1         1   5.0    56   208    2934    (-,-) 
  mul_78_43_I6_cdnfadd7/CO     -       CI->CO F     ADDFX1         1   5.0    56   208    3141    (-,-) 
  mul_78_43_I6_cdnfadd8/CO     -       CI->CO F     ADDFX1         1   5.0    56   208    3349    (-,-) 
  mul_78_43_I6_cdnfadd9/CO     -       CI->CO F     ADDFX1         1   5.0    56   208    3556    (-,-) 
  mul_78_43_I6_cdnfadd10/CO    -       CI->CO F     ADDFX1         1   5.0    56   208    3764    (-,-) 
  mul_78_43_I6_cdnfadd11/CO    -       CI->CO F     ADDFX1         1   5.0    56   208    3971    (-,-) 
  mul_78_43_I6_cdnfadd12/CO    -       CI->CO F     ADDFX1         1   5.0    56   208    4179    (-,-) 
  mul_78_43_I6_cdnfadd13/CO    -       CI->CO F     ADDFX1         1   5.0    56   208    4386    (-,-) 
  mul_78_43_I6_cdnfadd14/CO    -       CI->CO F     ADDFX1         1   5.0    56   208    4594    (-,-) 
  mul_78_43_I6_cdnfadd15/CO    -       CI->CO F     ADDFX1         1   5.0    56   208    4801    (-,-) 
  mul_78_43_I6_cdnfadd16/S     -       CI->S  R     ADDFX1         1   1.8    36   299    5101    (-,-) 
  g3203__1705/Y                -       A->Y   R     MX2X1          1   1.8    40   102    5203    (-,-) 
  mult2_reg_reg[5][16]/D       -       -      R     DFFRX1         1     -     -     0    5203    (-,-) 
#-------------------------------------------------------------------------------------------------------



Path 8: MET (2702 ps) Setup Check with Pin mult2_reg_reg[4][16]/CK->D
          Group: clk
     Startpoint: (R) coeff_bus[33]
          Clock: (R) clk
       Endpoint: (R) mult2_reg_reg[4][16]/D
          Clock: (R) clk

                     Capture       Launch     
        Clock Edge:+    8000            0     
        Drv Adjust:+       0            0     
       Src Latency:+       0            0     
       Net Latency:+       0 (I)        0 (I) 
           Arrival:=    8000            0     
                                              
             Setup:-      94                  
     Required Time:=    7906                  
      Launch Clock:-       0                  
       Input Delay:-    1000                  
         Data Path:-    4203                  
             Slack:=    2702                  

Exceptions/Constraints:
  input_delay             1000            ffe.sdc_line_3_73_1   

#-------------------------------------------------------------------------------------------------------
#        Timing Point          Flags    Arc   Edge   Cell     Fanout  Load Trans Delay Arrival Instance 
#                                                                     (fF)  (ps)  (ps)   (ps)  Location 
#-------------------------------------------------------------------------------------------------------
  coeff_bus[33]                -       -      R     (arrival)     51 106.9     0     0    1000    (-,-) 
  mul_79_43_I5_g4000/Y         -       A->Y   F     CLKXOR2X1     25  75.5   270   401    1401    (-,-) 
  mul_78_43_I5_g1108/Y         -       B->Y   R     NOR2X1         6  20.1   309   328    1728    (-,-) 
  mul_78_43_I5_g1107/Y         -       A->Y   F     CLKINVX2       5  14.0    81    92    1820    (-,-) 
  mul_78_43_I5_g1079/Y         -       A0->Y  R     OAI22X1        1   6.2   162   165    1985    (-,-) 
  mul_78_43_I5_cdnfadd_004_0/S -       B->S   F     ADDFX1         1   6.1    59   309    2294    (-,-) 
  mul_78_43_I5_cdnfadd4/CO     -       B->CO  F     ADDFX1         1   5.0    56   224    2519    (-,-) 
  mul_78_43_I5_cdnfadd5/CO     -       CI->CO F     ADDFX1         1   5.0    56   208    2726    (-,-) 
  mul_78_43_I5_cdnfadd6/CO     -       CI->CO F     ADDFX1         1   5.0    56   208    2934    (-,-) 
  mul_78_43_I5_cdnfadd7/CO     -       CI->CO F     ADDFX1         1   5.0    56   208    3141    (-,-) 
  mul_78_43_I5_cdnfadd8/CO     -       CI->CO F     ADDFX1         1   5.0    56   208    3349    (-,-) 
  mul_78_43_I5_cdnfadd9/CO     -       CI->CO F     ADDFX1         1   5.0    56   208    3556    (-,-) 
  mul_78_43_I5_cdnfadd10/CO    -       CI->CO F     ADDFX1         1   5.0    56   208    3764    (-,-) 
  mul_78_43_I5_cdnfadd11/CO    -       CI->CO F     ADDFX1         1   5.0    56   208    3971    (-,-) 
  mul_78_43_I5_cdnfadd12/CO    -       CI->CO F     ADDFX1         1   5.0    56   208    4179    (-,-) 
  mul_78_43_I5_cdnfadd13/CO    -       CI->CO F     ADDFX1         1   5.0    56   208    4386    (-,-) 
  mul_78_43_I5_cdnfadd14/CO    -       CI->CO F     ADDFX1         1   5.0    56   208    4594    (-,-) 
  mul_78_43_I5_cdnfadd15/CO    -       CI->CO F     ADDFX1         1   5.0    56   208    4801    (-,-) 
  mul_78_43_I5_cdnfadd16/S     -       CI->S  R     ADDFX1         1   1.8    36   299    5101    (-,-) 
  g3177__8246/Y                -       A->Y   R     MX2X1          1   1.8    40   102    5203    (-,-) 
  mult2_reg_reg[4][16]/D       -       -      R     DFFRX1         1     -     -     0    5203    (-,-) 
#-------------------------------------------------------------------------------------------------------



Path 9: MET (2702 ps) Setup Check with Pin mult2_reg_reg[2][16]/CK->D
          Group: clk
     Startpoint: (R) coeff_bus[17]
          Clock: (R) clk
       Endpoint: (R) mult2_reg_reg[2][16]/D
          Clock: (R) clk

                     Capture       Launch     
        Clock Edge:+    8000            0     
        Drv Adjust:+       0            0     
       Src Latency:+       0            0     
       Net Latency:+       0 (I)        0 (I) 
           Arrival:=    8000            0     
                                              
             Setup:-      94                  
     Required Time:=    7906                  
      Launch Clock:-       0                  
       Input Delay:-    1000                  
         Data Path:-    4203                  
             Slack:=    2702                  

Exceptions/Constraints:
  input_delay             1000            ffe.sdc_line_3_89_1   

#-------------------------------------------------------------------------------------------------------
#        Timing Point          Flags    Arc   Edge   Cell     Fanout  Load Trans Delay Arrival Instance 
#                                                                     (fF)  (ps)  (ps)   (ps)  Location 
#-------------------------------------------------------------------------------------------------------
  coeff_bus[17]                -       -      R     (arrival)     51 106.9     0     0    1000    (-,-) 
  mul_79_43_I3_g3998/Y         -       A->Y   F     CLKXOR2X1     25  75.5   270   401    1401    (-,-) 
  mul_78_43_I3_g1108/Y         -       B->Y   R     NOR2X1         6  20.1   309   328    1728    (-,-) 
  mul_78_43_I3_g1107/Y         -       A->Y   F     CLKINVX2       5  14.0    81    92    1820    (-,-) 
  mul_78_43_I3_g1079/Y         -       A0->Y  R     OAI22X1        1   6.2   162   165    1985    (-,-) 
  mul_78_43_I3_cdnfadd_004_0/S -       B->S   F     ADDFX1         1   6.1    59   309    2294    (-,-) 
  mul_78_43_I3_cdnfadd4/CO     -       B->CO  F     ADDFX1         1   5.0    56   224    2519    (-,-) 
  mul_78_43_I3_cdnfadd5/CO     -       CI->CO F     ADDFX1         1   5.0    56   208    2726    (-,-) 
  mul_78_43_I3_cdnfadd6/CO     -       CI->CO F     ADDFX1         1   5.0    56   208    2934    (-,-) 
  mul_78_43_I3_cdnfadd7/CO     -       CI->CO F     ADDFX1         1   5.0    56   208    3141    (-,-) 
  mul_78_43_I3_cdnfadd8/CO     -       CI->CO F     ADDFX1         1   5.0    56   208    3349    (-,-) 
  mul_78_43_I3_cdnfadd9/CO     -       CI->CO F     ADDFX1         1   5.0    56   208    3556    (-,-) 
  mul_78_43_I3_cdnfadd10/CO    -       CI->CO F     ADDFX1         1   5.0    56   208    3764    (-,-) 
  mul_78_43_I3_cdnfadd11/CO    -       CI->CO F     ADDFX1         1   5.0    56   208    3971    (-,-) 
  mul_78_43_I3_cdnfadd12/CO    -       CI->CO F     ADDFX1         1   5.0    56   208    4179    (-,-) 
  mul_78_43_I3_cdnfadd13/CO    -       CI->CO F     ADDFX1         1   5.0    56   208    4386    (-,-) 
  mul_78_43_I3_cdnfadd14/CO    -       CI->CO F     ADDFX1         1   5.0    56   208    4594    (-,-) 
  mul_78_43_I3_cdnfadd15/CO    -       CI->CO F     ADDFX1         1   5.0    56   208    4801    (-,-) 
  mul_78_43_I3_cdnfadd16/S     -       CI->S  R     ADDFX1         1   1.8    36   299    5101    (-,-) 
  g3121__8246/Y                -       A->Y   R     MX2X1          1   1.8    40   102    5203    (-,-) 
  mult2_reg_reg[2][16]/D       -       -      R     DFFRX1         1     -     -     0    5203    (-,-) 
#-------------------------------------------------------------------------------------------------------



Path 10: MET (2702 ps) Setup Check with Pin mult2_reg_reg[1][16]/CK->D
          Group: clk
     Startpoint: (R) coeff_bus[9]
          Clock: (R) clk
       Endpoint: (R) mult2_reg_reg[1][16]/D
          Clock: (R) clk

                     Capture       Launch     
        Clock Edge:+    8000            0     
        Drv Adjust:+       0            0     
       Src Latency:+       0            0     
       Net Latency:+       0 (I)        0 (I) 
           Arrival:=    8000            0     
                                              
             Setup:-      94                  
     Required Time:=    7906                  
      Launch Clock:-       0                  
       Input Delay:-    1000                  
         Data Path:-    4203                  
             Slack:=    2702                  

Exceptions/Constraints:
  input_delay             1000            ffe.sdc_line_3_97_1   

#-------------------------------------------------------------------------------------------------------
#        Timing Point          Flags    Arc   Edge   Cell     Fanout  Load Trans Delay Arrival Instance 
#                                                                     (fF)  (ps)  (ps)   (ps)  Location 
#-------------------------------------------------------------------------------------------------------
  coeff_bus[9]                 -       -      R     (arrival)     51 106.9     0     0    1000    (-,-) 
  mul_79_43_I2_g3997/Y         -       A->Y   F     CLKXOR2X1     25  75.5   270   401    1401    (-,-) 
  mul_78_43_I2_g1108/Y         -       B->Y   R     NOR2X1         6  20.1   309   328    1728    (-,-) 
  mul_78_43_I2_g1107/Y         -       A->Y   F     CLKINVX2       5  14.0    81    92    1820    (-,-) 
  mul_78_43_I2_g1079/Y         -       A0->Y  R     OAI22X1        1   6.2   162   165    1985    (-,-) 
  mul_78_43_I2_cdnfadd_004_0/S -       B->S   F     ADDFX1         1   6.1    59   309    2294    (-,-) 
  mul_78_43_I2_cdnfadd4/CO     -       B->CO  F     ADDFX1         1   5.0    56   224    2519    (-,-) 
  mul_78_43_I2_cdnfadd5/CO     -       CI->CO F     ADDFX1         1   5.0    56   208    2726    (-,-) 
  mul_78_43_I2_cdnfadd6/CO     -       CI->CO F     ADDFX1         1   5.0    56   208    2934    (-,-) 
  mul_78_43_I2_cdnfadd7/CO     -       CI->CO F     ADDFX1         1   5.0    56   208    3141    (-,-) 
  mul_78_43_I2_cdnfadd8/CO     -       CI->CO F     ADDFX1         1   5.0    56   208    3349    (-,-) 
  mul_78_43_I2_cdnfadd9/CO     -       CI->CO F     ADDFX1         1   5.0    56   208    3556    (-,-) 
  mul_78_43_I2_cdnfadd10/CO    -       CI->CO F     ADDFX1         1   5.0    56   208    3764    (-,-) 
  mul_78_43_I2_cdnfadd11/CO    -       CI->CO F     ADDFX1         1   5.0    56   208    3971    (-,-) 
  mul_78_43_I2_cdnfadd12/CO    -       CI->CO F     ADDFX1         1   5.0    56   208    4179    (-,-) 
  mul_78_43_I2_cdnfadd13/CO    -       CI->CO F     ADDFX1         1   5.0    56   208    4386    (-,-) 
  mul_78_43_I2_cdnfadd14/CO    -       CI->CO F     ADDFX1         1   5.0    56   208    4594    (-,-) 
  mul_78_43_I2_cdnfadd15/CO    -       CI->CO F     ADDFX1         1   5.0    56   208    4801    (-,-) 
  mul_78_43_I2_cdnfadd16/S     -       CI->S  R     ADDFX1         1   1.8    36   299    5101    (-,-) 
  g3103__2883/Y                -       A->Y   R     MX2X1          1   1.8    40   102    5203    (-,-) 
  mult2_reg_reg[1][16]/D       -       -      R     DFFRX1         1     -     -     0    5203    (-,-) 
#-------------------------------------------------------------------------------------------------------



Path 11: MET (2702 ps) Setup Check with Pin mult2_reg_reg[0][16]/CK->D
          Group: clk
     Startpoint: (R) coeff_bus[1]
          Clock: (R) clk
       Endpoint: (R) mult2_reg_reg[0][16]/D
          Clock: (R) clk

                     Capture       Launch     
        Clock Edge:+    8000            0     
        Drv Adjust:+       0            0     
       Src Latency:+       0            0     
       Net Latency:+       0 (I)        0 (I) 
           Arrival:=    8000            0     
                                              
             Setup:-      94                  
     Required Time:=    7906                  
      Launch Clock:-       0                  
       Input Delay:-    1000                  
         Data Path:-    4203                  
             Slack:=    2702                  

Exceptions/Constraints:
  input_delay             1000            ffe.sdc_line_3_105_1   

#-------------------------------------------------------------------------------------------------------
#        Timing Point          Flags    Arc   Edge   Cell     Fanout  Load Trans Delay Arrival Instance 
#                                                                     (fF)  (ps)  (ps)   (ps)  Location 
#-------------------------------------------------------------------------------------------------------
  coeff_bus[1]                 -       -      R     (arrival)     51 106.9     0     0    1000    (-,-) 
  mul_79_43_I1_g3996/Y         -       A->Y   F     CLKXOR2X1     25  75.5   270   401    1401    (-,-) 
  mul_78_43_I1_g1108/Y         -       B->Y   R     NOR2X1         6  20.1   309   328    1728    (-,-) 
  mul_78_43_I1_g1107/Y         -       A->Y   F     CLKINVX2       5  14.0    81    92    1820    (-,-) 
  mul_78_43_I1_g1079/Y         -       A0->Y  R     OAI22X1        1   6.2   162   165    1985    (-,-) 
  mul_78_43_I1_cdnfadd_004_0/S -       B->S   F     ADDFX1         1   6.1    59   309    2294    (-,-) 
  mul_78_43_I1_cdnfadd4/CO     -       B->CO  F     ADDFX1         1   5.0    56   224    2519    (-,-) 
  mul_78_43_I1_cdnfadd5/CO     -       CI->CO F     ADDFX1         1   5.0    56   208    2726    (-,-) 
  mul_78_43_I1_cdnfadd6/CO     -       CI->CO F     ADDFX1         1   5.0    56   208    2934    (-,-) 
  mul_78_43_I1_cdnfadd7/CO     -       CI->CO F     ADDFX1         1   5.0    56   208    3141    (-,-) 
  mul_78_43_I1_cdnfadd8/CO     -       CI->CO F     ADDFX1         1   5.0    56   208    3349    (-,-) 
  mul_78_43_I1_cdnfadd9/CO     -       CI->CO F     ADDFX1         1   5.0    56   208    3556    (-,-) 
  mul_78_43_I1_cdnfadd10/CO    -       CI->CO F     ADDFX1         1   5.0    56   208    3764    (-,-) 
  mul_78_43_I1_cdnfadd11/CO    -       CI->CO F     ADDFX1         1   5.0    56   208    3971    (-,-) 
  mul_78_43_I1_cdnfadd12/CO    -       CI->CO F     ADDFX1         1   5.0    56   208    4179    (-,-) 
  mul_78_43_I1_cdnfadd13/CO    -       CI->CO F     ADDFX1         1   5.0    56   208    4386    (-,-) 
  mul_78_43_I1_cdnfadd14/CO    -       CI->CO F     ADDFX1         1   5.0    56   208    4594    (-,-) 
  mul_78_43_I1_cdnfadd15/CO    -       CI->CO F     ADDFX1         1   5.0    56   208    4801    (-,-) 
  mul_78_43_I1_cdnfadd16/S     -       CI->S  R     ADDFX1         1   1.8    36   299    5101    (-,-) 
  g3085__8428/Y                -       A->Y   R     MX2X1          1   1.8    40   102    5203    (-,-) 
  mult2_reg_reg[0][16]/D       -       -      R     DFFRX1         1     -     -     0    5203    (-,-) 
#-------------------------------------------------------------------------------------------------------



Path 12: MET (2702 ps) Setup Check with Pin mult1_reg_reg[7][16]/CK->D
          Group: clk
     Startpoint: (R) coeff_bus[57]
          Clock: (R) clk
       Endpoint: (R) mult1_reg_reg[7][16]/D
          Clock: (R) clk

                     Capture       Launch     
        Clock Edge:+    8000            0     
        Drv Adjust:+       0            0     
       Src Latency:+       0            0     
       Net Latency:+       0 (I)        0 (I) 
           Arrival:=    8000            0     
                                              
             Setup:-      94                  
     Required Time:=    7906                  
      Launch Clock:-       0                  
       Input Delay:-    1000                  
         Data Path:-    4203                  
             Slack:=    2702                  

Exceptions/Constraints:
  input_delay             1000            ffe.sdc_line_3_49_1   

#-------------------------------------------------------------------------------------------------------
#        Timing Point          Flags    Arc   Edge   Cell     Fanout  Load Trans Delay Arrival Instance 
#                                                                     (fF)  (ps)  (ps)   (ps)  Location 
#-------------------------------------------------------------------------------------------------------
  coeff_bus[57]                -       -      R     (arrival)     51 106.9     0     0    1000    (-,-) 
  mul_79_43_I8_g4003/Y         -       A->Y   F     CLKXOR2X1     25  75.5   270   401    1401    (-,-) 
  mul_77_43_I8_g1108/Y         -       B->Y   R     NOR2X1         6  20.1   309   328    1728    (-,-) 
  mul_77_43_I8_g1107/Y         -       A->Y   F     CLKINVX2       5  14.0    81    92    1820    (-,-) 
  mul_77_43_I8_g1079/Y         -       A0->Y  R     OAI22X1        1   6.2   162   165    1985    (-,-) 
  mul_77_43_I8_cdnfadd_004_0/S -       B->S   F     ADDFX1         1   6.1    59   309    2294    (-,-) 
  mul_77_43_I8_cdnfadd4/CO     -       B->CO  F     ADDFX1         1   5.0    56   224    2519    (-,-) 
  mul_77_43_I8_cdnfadd5/CO     -       CI->CO F     ADDFX1         1   5.0    56   208    2726    (-,-) 
  mul_77_43_I8_cdnfadd6/CO     -       CI->CO F     ADDFX1         1   5.0    56   208    2934    (-,-) 
  mul_77_43_I8_cdnfadd7/CO     -       CI->CO F     ADDFX1         1   5.0    56   208    3141    (-,-) 
  mul_77_43_I8_cdnfadd8/CO     -       CI->CO F     ADDFX1         1   5.0    56   208    3349    (-,-) 
  mul_77_43_I8_cdnfadd9/CO     -       CI->CO F     ADDFX1         1   5.0    56   208    3556    (-,-) 
  mul_77_43_I8_cdnfadd10/CO    -       CI->CO F     ADDFX1         1   5.0    56   208    3764    (-,-) 
  mul_77_43_I8_cdnfadd11/CO    -       CI->CO F     ADDFX1         1   5.0    56   208    3971    (-,-) 
  mul_77_43_I8_cdnfadd12/CO    -       CI->CO F     ADDFX1         1   5.0    56   208    4179    (-,-) 
  mul_77_43_I8_cdnfadd13/CO    -       CI->CO F     ADDFX1         1   5.0    56   208    4386    (-,-) 
  mul_77_43_I8_cdnfadd14/CO    -       CI->CO F     ADDFX1         1   5.0    56   208    4594    (-,-) 
  mul_77_43_I8_cdnfadd15/CO    -       CI->CO F     ADDFX1         1   5.0    56   208    4801    (-,-) 
  mul_77_43_I8_cdnfadd16/S     -       CI->S  R     ADDFX1         1   1.8    36   299    5101    (-,-) 
  g3067__6131/Y                -       A->Y   R     MX2X1          1   1.8    40   102    5203    (-,-) 
  mult1_reg_reg[7][16]/D       -       -      R     DFFRX1         1     -     -     0    5203    (-,-) 
#-------------------------------------------------------------------------------------------------------



Path 13: MET (2702 ps) Setup Check with Pin mult1_reg_reg[4][16]/CK->D
          Group: clk
     Startpoint: (R) coeff_bus[33]
          Clock: (R) clk
       Endpoint: (R) mult1_reg_reg[4][16]/D
          Clock: (R) clk

                     Capture       Launch     
        Clock Edge:+    8000            0     
        Drv Adjust:+       0            0     
       Src Latency:+       0            0     
       Net Latency:+       0 (I)        0 (I) 
           Arrival:=    8000            0     
                                              
             Setup:-      94                  
     Required Time:=    7906                  
      Launch Clock:-       0                  
       Input Delay:-    1000                  
         Data Path:-    4203                  
             Slack:=    2702                  

Exceptions/Constraints:
  input_delay             1000            ffe.sdc_line_3_73_1   

#-------------------------------------------------------------------------------------------------------
#        Timing Point          Flags    Arc   Edge   Cell     Fanout  Load Trans Delay Arrival Instance 
#                                                                     (fF)  (ps)  (ps)   (ps)  Location 
#-------------------------------------------------------------------------------------------------------
  coeff_bus[33]                -       -      R     (arrival)     51 106.9     0     0    1000    (-,-) 
  mul_79_43_I5_g4000/Y         -       A->Y   F     CLKXOR2X1     25  75.5   270   401    1401    (-,-) 
  mul_77_43_I5_g1108/Y         -       B->Y   R     NOR2X1         6  20.1   309   328    1728    (-,-) 
  mul_77_43_I5_g1107/Y         -       A->Y   F     CLKINVX2       5  14.0    81    92    1820    (-,-) 
  mul_77_43_I5_g1079/Y         -       A0->Y  R     OAI22X1        1   6.2   162   165    1985    (-,-) 
  mul_77_43_I5_cdnfadd_004_0/S -       B->S   F     ADDFX1         1   6.1    59   309    2294    (-,-) 
  mul_77_43_I5_cdnfadd4/CO     -       B->CO  F     ADDFX1         1   5.0    56   224    2519    (-,-) 
  mul_77_43_I5_cdnfadd5/CO     -       CI->CO F     ADDFX1         1   5.0    56   208    2726    (-,-) 
  mul_77_43_I5_cdnfadd6/CO     -       CI->CO F     ADDFX1         1   5.0    56   208    2934    (-,-) 
  mul_77_43_I5_cdnfadd7/CO     -       CI->CO F     ADDFX1         1   5.0    56   208    3141    (-,-) 
  mul_77_43_I5_cdnfadd8/CO     -       CI->CO F     ADDFX1         1   5.0    56   208    3349    (-,-) 
  mul_77_43_I5_cdnfadd9/CO     -       CI->CO F     ADDFX1         1   5.0    56   208    3556    (-,-) 
  mul_77_43_I5_cdnfadd10/CO    -       CI->CO F     ADDFX1         1   5.0    56   208    3764    (-,-) 
  mul_77_43_I5_cdnfadd11/CO    -       CI->CO F     ADDFX1         1   5.0    56   208    3971    (-,-) 
  mul_77_43_I5_cdnfadd12/CO    -       CI->CO F     ADDFX1         1   5.0    56   208    4179    (-,-) 
  mul_77_43_I5_cdnfadd13/CO    -       CI->CO F     ADDFX1         1   5.0    56   208    4386    (-,-) 
  mul_77_43_I5_cdnfadd14/CO    -       CI->CO F     ADDFX1         1   5.0    56   208    4594    (-,-) 
  mul_77_43_I5_cdnfadd15/CO    -       CI->CO F     ADDFX1         1   5.0    56   208    4801    (-,-) 
  mul_77_43_I5_cdnfadd16/S     -       CI->S  R     ADDFX1         1   1.8    36   299    5101    (-,-) 
  g3014__7482/Y                -       A->Y   R     MX2X1          1   1.8    40   102    5203    (-,-) 
  mult1_reg_reg[4][16]/D       -       -      R     DFFRX1         1     -     -     0    5203    (-,-) 
#-------------------------------------------------------------------------------------------------------



Path 14: MET (2702 ps) Setup Check with Pin mult1_reg_reg[2][16]/CK->D
          Group: clk
     Startpoint: (R) coeff_bus[17]
          Clock: (R) clk
       Endpoint: (R) mult1_reg_reg[2][16]/D
          Clock: (R) clk

                     Capture       Launch     
        Clock Edge:+    8000            0     
        Drv Adjust:+       0            0     
       Src Latency:+       0            0     
       Net Latency:+       0 (I)        0 (I) 
           Arrival:=    8000            0     
                                              
             Setup:-      94                  
     Required Time:=    7906                  
      Launch Clock:-       0                  
       Input Delay:-    1000                  
         Data Path:-    4203                  
             Slack:=    2702                  

Exceptions/Constraints:
  input_delay             1000            ffe.sdc_line_3_89_1   

#-------------------------------------------------------------------------------------------------------
#        Timing Point          Flags    Arc   Edge   Cell     Fanout  Load Trans Delay Arrival Instance 
#                                                                     (fF)  (ps)  (ps)   (ps)  Location 
#-------------------------------------------------------------------------------------------------------
  coeff_bus[17]                -       -      R     (arrival)     51 106.9     0     0    1000    (-,-) 
  mul_79_43_I3_g3998/Y         -       A->Y   F     CLKXOR2X1     25  75.5   270   401    1401    (-,-) 
  mul_77_43_I3_g1108/Y         -       B->Y   R     NOR2X1         6  20.1   309   328    1728    (-,-) 
  mul_77_43_I3_g1107/Y         -       A->Y   F     CLKINVX2       5  14.0    81    92    1820    (-,-) 
  mul_77_43_I3_g1079/Y         -       A0->Y  R     OAI22X1        1   6.2   162   165    1985    (-,-) 
  mul_77_43_I3_cdnfadd_004_0/S -       B->S   F     ADDFX1         1   6.1    59   309    2294    (-,-) 
  mul_77_43_I3_cdnfadd4/CO     -       B->CO  F     ADDFX1         1   5.0    56   224    2519    (-,-) 
  mul_77_43_I3_cdnfadd5/CO     -       CI->CO F     ADDFX1         1   5.0    56   208    2726    (-,-) 
  mul_77_43_I3_cdnfadd6/CO     -       CI->CO F     ADDFX1         1   5.0    56   208    2934    (-,-) 
  mul_77_43_I3_cdnfadd7/CO     -       CI->CO F     ADDFX1         1   5.0    56   208    3141    (-,-) 
  mul_77_43_I3_cdnfadd8/CO     -       CI->CO F     ADDFX1         1   5.0    56   208    3349    (-,-) 
  mul_77_43_I3_cdnfadd9/CO     -       CI->CO F     ADDFX1         1   5.0    56   208    3556    (-,-) 
  mul_77_43_I3_cdnfadd10/CO    -       CI->CO F     ADDFX1         1   5.0    56   208    3764    (-,-) 
  mul_77_43_I3_cdnfadd11/CO    -       CI->CO F     ADDFX1         1   5.0    56   208    3971    (-,-) 
  mul_77_43_I3_cdnfadd12/CO    -       CI->CO F     ADDFX1         1   5.0    56   208    4179    (-,-) 
  mul_77_43_I3_cdnfadd13/CO    -       CI->CO F     ADDFX1         1   5.0    56   208    4386    (-,-) 
  mul_77_43_I3_cdnfadd14/CO    -       CI->CO F     ADDFX1         1   5.0    56   208    4594    (-,-) 
  mul_77_43_I3_cdnfadd15/CO    -       CI->CO F     ADDFX1         1   5.0    56   208    4801    (-,-) 
  mul_77_43_I3_cdnfadd16/S     -       CI->S  R     ADDFX1         1   1.8    36   299    5101    (-,-) 
  g2977__1617/Y                -       A->Y   R     MX2X1          1   1.8    40   102    5203    (-,-) 
  mult1_reg_reg[2][16]/D       -       -      R     DFFRX1         1     -     -     0    5203    (-,-) 
#-------------------------------------------------------------------------------------------------------



Path 15: MET (2702 ps) Setup Check with Pin mult1_reg_reg[1][16]/CK->D
          Group: clk
     Startpoint: (R) coeff_bus[9]
          Clock: (R) clk
       Endpoint: (R) mult1_reg_reg[1][16]/D
          Clock: (R) clk

                     Capture       Launch     
        Clock Edge:+    8000            0     
        Drv Adjust:+       0            0     
       Src Latency:+       0            0     
       Net Latency:+       0 (I)        0 (I) 
           Arrival:=    8000            0     
                                              
             Setup:-      94                  
     Required Time:=    7906                  
      Launch Clock:-       0                  
       Input Delay:-    1000                  
         Data Path:-    4203                  
             Slack:=    2702                  

Exceptions/Constraints:
  input_delay             1000            ffe.sdc_line_3_97_1   

#-------------------------------------------------------------------------------------------------------
#        Timing Point          Flags    Arc   Edge   Cell     Fanout  Load Trans Delay Arrival Instance 
#                                                                     (fF)  (ps)  (ps)   (ps)  Location 
#-------------------------------------------------------------------------------------------------------
  coeff_bus[9]                 -       -      R     (arrival)     51 106.9     0     0    1000    (-,-) 
  mul_79_43_I2_g3997/Y         -       A->Y   F     CLKXOR2X1     25  75.5   270   401    1401    (-,-) 
  mul_77_43_I2_g1108/Y         -       B->Y   R     NOR2X1         6  20.1   309   328    1728    (-,-) 
  mul_77_43_I2_g1107/Y         -       A->Y   F     CLKINVX2       5  14.0    81    92    1820    (-,-) 
  mul_77_43_I2_g1079/Y         -       A0->Y  R     OAI22X1        1   6.2   162   165    1985    (-,-) 
  mul_77_43_I2_cdnfadd_004_0/S -       B->S   F     ADDFX1         1   6.1    59   309    2294    (-,-) 
  mul_77_43_I2_cdnfadd4/CO     -       B->CO  F     ADDFX1         1   5.0    56   224    2519    (-,-) 
  mul_77_43_I2_cdnfadd5/CO     -       CI->CO F     ADDFX1         1   5.0    56   208    2726    (-,-) 
  mul_77_43_I2_cdnfadd6/CO     -       CI->CO F     ADDFX1         1   5.0    56   208    2934    (-,-) 
  mul_77_43_I2_cdnfadd7/CO     -       CI->CO F     ADDFX1         1   5.0    56   208    3141    (-,-) 
  mul_77_43_I2_cdnfadd8/CO     -       CI->CO F     ADDFX1         1   5.0    56   208    3349    (-,-) 
  mul_77_43_I2_cdnfadd9/CO     -       CI->CO F     ADDFX1         1   5.0    56   208    3556    (-,-) 
  mul_77_43_I2_cdnfadd10/CO    -       CI->CO F     ADDFX1         1   5.0    56   208    3764    (-,-) 
  mul_77_43_I2_cdnfadd11/CO    -       CI->CO F     ADDFX1         1   5.0    56   208    3971    (-,-) 
  mul_77_43_I2_cdnfadd12/CO    -       CI->CO F     ADDFX1         1   5.0    56   208    4179    (-,-) 
  mul_77_43_I2_cdnfadd13/CO    -       CI->CO F     ADDFX1         1   5.0    56   208    4386    (-,-) 
  mul_77_43_I2_cdnfadd14/CO    -       CI->CO F     ADDFX1         1   5.0    56   208    4594    (-,-) 
  mul_77_43_I2_cdnfadd15/CO    -       CI->CO F     ADDFX1         1   5.0    56   208    4801    (-,-) 
  mul_77_43_I2_cdnfadd16/S     -       CI->S  R     ADDFX1         1   1.8    36   299    5101    (-,-) 
  g2931__4733/Y                -       A->Y   R     MX2X1          1   1.8    40   102    5203    (-,-) 
  mult1_reg_reg[1][16]/D       -       -      R     DFFRX1         1     -     -     0    5203    (-,-) 
#-------------------------------------------------------------------------------------------------------



Path 16: MET (2702 ps) Setup Check with Pin mult0_reg_reg[0][16]/CK->D
          Group: clk
     Startpoint: (R) coeff_bus[1]
          Clock: (R) clk
       Endpoint: (R) mult0_reg_reg[0][16]/D
          Clock: (R) clk

                     Capture       Launch     
        Clock Edge:+    8000            0     
        Drv Adjust:+       0            0     
       Src Latency:+       0            0     
       Net Latency:+       0 (I)        0 (I) 
           Arrival:=    8000            0     
                                              
             Setup:-      94                  
     Required Time:=    7906                  
      Launch Clock:-       0                  
       Input Delay:-    1000                  
         Data Path:-    4203                  
             Slack:=    2702                  

Exceptions/Constraints:
  input_delay             1000            ffe.sdc_line_3_105_1   

#-------------------------------------------------------------------------------------------------------
#        Timing Point          Flags    Arc   Edge   Cell     Fanout  Load Trans Delay Arrival Instance 
#                                                                     (fF)  (ps)  (ps)   (ps)  Location 
#-------------------------------------------------------------------------------------------------------
  coeff_bus[1]                 -       -      R     (arrival)     51 106.9     0     0    1000    (-,-) 
  mul_79_43_I1_g3996/Y         -       A->Y   F     CLKXOR2X1     25  75.5   270   401    1401    (-,-) 
  mul_76_43_I1_g1108/Y         -       B->Y   R     NOR2X1         6  20.1   309   328    1728    (-,-) 
  mul_76_43_I1_g1107/Y         -       A->Y   F     CLKINVX2       5  14.0    81    92    1820    (-,-) 
  mul_76_43_I1_g1079/Y         -       A0->Y  R     OAI22X1        1   6.2   162   165    1985    (-,-) 
  mul_76_43_I1_cdnfadd_004_0/S -       B->S   F     ADDFX1         1   6.1    59   309    2294    (-,-) 
  mul_76_43_I1_cdnfadd4/CO     -       B->CO  F     ADDFX1         1   5.0    56   224    2519    (-,-) 
  mul_76_43_I1_cdnfadd5/CO     -       CI->CO F     ADDFX1         1   5.0    56   208    2726    (-,-) 
  mul_76_43_I1_cdnfadd6/CO     -       CI->CO F     ADDFX1         1   5.0    56   208    2934    (-,-) 
  mul_76_43_I1_cdnfadd7/CO     -       CI->CO F     ADDFX1         1   5.0    56   208    3141    (-,-) 
  mul_76_43_I1_cdnfadd8/CO     -       CI->CO F     ADDFX1         1   5.0    56   208    3349    (-,-) 
  mul_76_43_I1_cdnfadd9/CO     -       CI->CO F     ADDFX1         1   5.0    56   208    3556    (-,-) 
  mul_76_43_I1_cdnfadd10/CO    -       CI->CO F     ADDFX1         1   5.0    56   208    3764    (-,-) 
  mul_76_43_I1_cdnfadd11/CO    -       CI->CO F     ADDFX1         1   5.0    56   208    3971    (-,-) 
  mul_76_43_I1_cdnfadd12/CO    -       CI->CO F     ADDFX1         1   5.0    56   208    4179    (-,-) 
  mul_76_43_I1_cdnfadd13/CO    -       CI->CO F     ADDFX1         1   5.0    56   208    4386    (-,-) 
  mul_76_43_I1_cdnfadd14/CO    -       CI->CO F     ADDFX1         1   5.0    56   208    4594    (-,-) 
  mul_76_43_I1_cdnfadd15/CO    -       CI->CO F     ADDFX1         1   5.0    56   208    4801    (-,-) 
  mul_76_43_I1_cdnfadd16/S     -       CI->S  R     ADDFX1         1   1.8    36   299    5101    (-,-) 
  g2440__4319/Y                -       A->Y   R     MX2X1          1   1.8    40   102    5203    (-,-) 
  mult0_reg_reg[0][16]/D       -       -      R     DFFRX1         1     -     -     0    5203    (-,-) 
#-------------------------------------------------------------------------------------------------------



Path 17: MET (2703 ps) Setup Check with Pin mult3_reg_reg[0][16]/CK->D
          Group: clk
     Startpoint: (R) coeff_bus[1]
          Clock: (R) clk
       Endpoint: (R) mult3_reg_reg[0][16]/D
          Clock: (R) clk

                     Capture       Launch     
        Clock Edge:+    8000            0     
        Drv Adjust:+       0            0     
       Src Latency:+       0            0     
       Net Latency:+       0 (I)        0 (I) 
           Arrival:=    8000            0     
                                              
             Setup:-      94                  
     Required Time:=    7906                  
      Launch Clock:-       0                  
       Input Delay:-    1000                  
         Data Path:-    4203                  
             Slack:=    2703                  

Exceptions/Constraints:
  input_delay             1000            ffe.sdc_line_3_105_1   

#-------------------------------------------------------------------------------------------------------
#        Timing Point          Flags    Arc   Edge   Cell     Fanout  Load Trans Delay Arrival Instance 
#                                                                     (fF)  (ps)  (ps)   (ps)  Location 
#-------------------------------------------------------------------------------------------------------
  coeff_bus[1]                 -       -      R     (arrival)     51 106.9     0     0    1000    (-,-) 
  mul_79_43_I1_g3996/Y         -       A->Y   F     CLKXOR2X1     25  75.5   270   401    1401    (-,-) 
  mul_79_43_I1_g1108/Y         -       B->Y   R     NOR2X1         6  20.1   309   328    1728    (-,-) 
  mul_79_43_I1_g1107/Y         -       A->Y   F     CLKINVX2       5  14.0    81    92    1820    (-,-) 
  mul_79_43_I1_g1079/Y         -       A0->Y  R     OAI22X1        1   6.2   162   165    1985    (-,-) 
  mul_79_43_I1_cdnfadd_004_0/S -       B->S   F     ADDFX1         1   6.1    59   309    2294    (-,-) 
  mul_79_43_I1_cdnfadd4/CO     -       B->CO  F     ADDFX1         1   5.0    56   224    2519    (-,-) 
  mul_79_43_I1_cdnfadd5/CO     -       CI->CO F     ADDFX1         1   5.0    56   208    2726    (-,-) 
  mul_79_43_I1_cdnfadd6/CO     -       CI->CO F     ADDFX1         1   5.0    56   208    2934    (-,-) 
  mul_79_43_I1_cdnfadd7/CO     -       CI->CO F     ADDFX1         1   5.0    56   208    3141    (-,-) 
  mul_79_43_I1_cdnfadd8/CO     -       CI->CO F     ADDFX1         1   5.0    56   208    3349    (-,-) 
  mul_79_43_I1_cdnfadd9/CO     -       CI->CO F     ADDFX1         1   5.0    56   208    3556    (-,-) 
  mul_79_43_I1_cdnfadd10/CO    -       CI->CO F     ADDFX1         1   5.0    56   208    3764    (-,-) 
  mul_79_43_I1_cdnfadd11/CO    -       CI->CO F     ADDFX1         1   5.0    56   208    3971    (-,-) 
  mul_79_43_I1_cdnfadd12/CO    -       CI->CO F     ADDFX1         1   5.0    56   208    4179    (-,-) 
  mul_79_43_I1_cdnfadd13/CO    -       CI->CO F     ADDFX1         1   5.0    56   208    4386    (-,-) 
  mul_79_43_I1_cdnfadd14/CO    -       CI->CO F     ADDFX1         1   5.0    56   208    4594    (-,-) 
  mul_79_43_I1_cdnfadd15/CO    -       CI->CO F     ADDFX1         1   5.0    56   208    4801    (-,-) 
  mul_79_43_I1_cdnfadd16/S     -       CI->S  R     ADDFX1         1   1.8    36   299    5101    (-,-) 
  g3284__3680/Y                -       A->Y   R     MX2X1          1   1.8    40   102    5203    (-,-) 
  mult3_reg_reg[0][16]/D       -       -      R     DFFRX1         1     -     -     0    5203    (-,-) 
#-------------------------------------------------------------------------------------------------------



Path 18: MET (2703 ps) Setup Check with Pin mult2_reg_reg[3][16]/CK->D
          Group: clk
     Startpoint: (R) coeff_bus[25]
          Clock: (R) clk
       Endpoint: (R) mult2_reg_reg[3][16]/D
          Clock: (R) clk

                     Capture       Launch     
        Clock Edge:+    8000            0     
        Drv Adjust:+       0            0     
       Src Latency:+       0            0     
       Net Latency:+       0 (I)        0 (I) 
           Arrival:=    8000            0     
                                              
             Setup:-      94                  
     Required Time:=    7906                  
      Launch Clock:-       0                  
       Input Delay:-    1000                  
         Data Path:-    4203                  
             Slack:=    2703                  

Exceptions/Constraints:
  input_delay             1000            ffe.sdc_line_3_81_1   

#-------------------------------------------------------------------------------------------------------
#        Timing Point          Flags    Arc   Edge   Cell     Fanout  Load Trans Delay Arrival Instance 
#                                                                     (fF)  (ps)  (ps)   (ps)  Location 
#-------------------------------------------------------------------------------------------------------
  coeff_bus[25]                -       -      R     (arrival)     51 106.9     0     0    1000    (-,-) 
  mul_76_43_I4_g3999/Y         -       A->Y   F     CLKXOR2X1     25  75.5   270   401    1401    (-,-) 
  mul_78_43_I4_g1108/Y         -       B->Y   R     NOR2X1         6  20.1   309   328    1728    (-,-) 
  mul_78_43_I4_g1107/Y         -       A->Y   F     CLKINVX2       5  14.0    81    92    1820    (-,-) 
  mul_78_43_I4_g1079/Y         -       A0->Y  R     OAI22X1        1   6.2   162   165    1985    (-,-) 
  mul_78_43_I4_cdnfadd_004_0/S -       B->S   F     ADDFX1         1   6.1    59   309    2294    (-,-) 
  mul_78_43_I4_cdnfadd4/CO     -       B->CO  F     ADDFX1         1   5.0    56   224    2519    (-,-) 
  mul_78_43_I4_cdnfadd5/CO     -       CI->CO F     ADDFX1         1   5.0    56   208    2726    (-,-) 
  mul_78_43_I4_cdnfadd6/CO     -       CI->CO F     ADDFX1         1   5.0    56   208    2934    (-,-) 
  mul_78_43_I4_cdnfadd7/CO     -       CI->CO F     ADDFX1         1   5.0    56   208    3141    (-,-) 
  mul_78_43_I4_cdnfadd8/CO     -       CI->CO F     ADDFX1         1   5.0    56   208    3349    (-,-) 
  mul_78_43_I4_cdnfadd9/CO     -       CI->CO F     ADDFX1         1   5.0    56   208    3556    (-,-) 
  mul_78_43_I4_cdnfadd10/CO    -       CI->CO F     ADDFX1         1   5.0    56   208    3764    (-,-) 
  mul_78_43_I4_cdnfadd11/CO    -       CI->CO F     ADDFX1         1   5.0    56   208    3971    (-,-) 
  mul_78_43_I4_cdnfadd12/CO    -       CI->CO F     ADDFX1         1   5.0    56   208    4179    (-,-) 
  mul_78_43_I4_cdnfadd13/CO    -       CI->CO F     ADDFX1         1   5.0    56   208    4386    (-,-) 
  mul_78_43_I4_cdnfadd14/CO    -       CI->CO F     ADDFX1         1   5.0    56   208    4594    (-,-) 
  mul_78_43_I4_cdnfadd15/CO    -       CI->CO F     ADDFX1         1   5.0    56   208    4801    (-,-) 
  mul_78_43_I4_cdnfadd16/S     -       CI->S  R     ADDFX1         1   1.8    36   299    5101    (-,-) 
  g3150__7098/Y                -       A->Y   R     MX2X1          1   1.8    40   102    5203    (-,-) 
  mult2_reg_reg[3][16]/D       -       -      R     DFFRX1         1     -     -     0    5203    (-,-) 
#-------------------------------------------------------------------------------------------------------



Path 19: MET (2703 ps) Setup Check with Pin mult3_reg_reg[7][16]/CK->D
          Group: clk
     Startpoint: (R) coeff_bus[57]
          Clock: (R) clk
       Endpoint: (R) mult3_reg_reg[7][16]/D
          Clock: (R) clk

                     Capture       Launch     
        Clock Edge:+    8000            0     
        Drv Adjust:+       0            0     
       Src Latency:+       0            0     
       Net Latency:+       0 (I)        0 (I) 
           Arrival:=    8000            0     
                                              
             Setup:-      94                  
     Required Time:=    7906                  
      Launch Clock:-       0                  
       Input Delay:-    1000                  
         Data Path:-    4203                  
             Slack:=    2703                  

Exceptions/Constraints:
  input_delay             1000            ffe.sdc_line_3_49_1   

#-------------------------------------------------------------------------------------------------------
#        Timing Point          Flags    Arc   Edge   Cell     Fanout  Load Trans Delay Arrival Instance 
#                                                                     (fF)  (ps)  (ps)   (ps)  Location 
#-------------------------------------------------------------------------------------------------------
  coeff_bus[57]                -       -      R     (arrival)     51 106.9     0     0    1000    (-,-) 
  mul_79_43_I8_g4003/Y         -       A->Y   F     CLKXOR2X1     25  75.5   270   401    1401    (-,-) 
  mul_79_43_I8_g1108/Y         -       B->Y   R     NOR2X1         6  20.1   309   328    1728    (-,-) 
  mul_79_43_I8_g1107/Y         -       A->Y   F     CLKINVX2       5  14.0    81    92    1820    (-,-) 
  mul_79_43_I8_g1079/Y         -       A0->Y  R     OAI22X1        1   6.2   162   165    1985    (-,-) 
  mul_79_43_I8_cdnfadd_004_0/S -       B->S   F     ADDFX1         1   6.1    59   309    2294    (-,-) 
  mul_79_43_I8_cdnfadd4/CO     -       B->CO  F     ADDFX1         1   5.0    56   224    2519    (-,-) 
  mul_79_43_I8_cdnfadd5/CO     -       CI->CO F     ADDFX1         1   5.0    56   208    2726    (-,-) 
  mul_79_43_I8_cdnfadd6/CO     -       CI->CO F     ADDFX1         1   5.0    56   208    2934    (-,-) 
  mul_79_43_I8_cdnfadd7/CO     -       CI->CO F     ADDFX1         1   5.0    56   208    3141    (-,-) 
  mul_79_43_I8_cdnfadd8/CO     -       CI->CO F     ADDFX1         1   5.0    56   208    3349    (-,-) 
  mul_79_43_I8_cdnfadd9/CO     -       CI->CO F     ADDFX1         1   5.0    56   208    3556    (-,-) 
  mul_79_43_I8_cdnfadd10/CO    -       CI->CO F     ADDFX1         1   5.0    56   208    3764    (-,-) 
  mul_79_43_I8_cdnfadd11/CO    -       CI->CO F     ADDFX1         1   5.0    56   208    3971    (-,-) 
  mul_79_43_I8_cdnfadd12/CO    -       CI->CO F     ADDFX1         1   5.0    56   208    4179    (-,-) 
  mul_79_43_I8_cdnfadd13/CO    -       CI->CO F     ADDFX1         1   5.0    56   208    4386    (-,-) 
  mul_79_43_I8_cdnfadd14/CO    -       CI->CO F     ADDFX1         1   5.0    56   208    4594    (-,-) 
  mul_79_43_I8_cdnfadd15/CO    -       CI->CO F     ADDFX1         1   5.0    56   208    4801    (-,-) 
  mul_79_43_I8_cdnfadd16/S     -       CI->S  R     ADDFX1         1   1.8    36   299    5101    (-,-) 
  g2498__5526/Y                -       A->Y   R     MX2X1          1   1.8    39   102    5203    (-,-) 
  mult3_reg_reg[7][16]/D       -       -      R     DFFRX1         1     -     -     0    5203    (-,-) 
#-------------------------------------------------------------------------------------------------------



Path 20: MET (2703 ps) Setup Check with Pin mult2_reg_reg[6][16]/CK->D
          Group: clk
     Startpoint: (R) coeff_bus[49]
          Clock: (R) clk
       Endpoint: (R) mult2_reg_reg[6][16]/D
          Clock: (R) clk

                     Capture       Launch     
        Clock Edge:+    8000            0     
        Drv Adjust:+       0            0     
       Src Latency:+       0            0     
       Net Latency:+       0 (I)        0 (I) 
           Arrival:=    8000            0     
                                              
             Setup:-      94                  
     Required Time:=    7906                  
      Launch Clock:-       0                  
       Input Delay:-    1000                  
         Data Path:-    4203                  
             Slack:=    2703                  

Exceptions/Constraints:
  input_delay             1000            ffe.sdc_line_3_57_1   

#-------------------------------------------------------------------------------------------------------
#        Timing Point          Flags    Arc   Edge   Cell     Fanout  Load Trans Delay Arrival Instance 
#                                                                     (fF)  (ps)  (ps)   (ps)  Location 
#-------------------------------------------------------------------------------------------------------
  coeff_bus[49]                -       -      R     (arrival)     51 106.9     0     0    1000    (-,-) 
  mul_79_43_I7_g4002/Y         -       A->Y   F     CLKXOR2X1     25  75.5   270   401    1401    (-,-) 
  mul_78_43_I7_g1108/Y         -       B->Y   R     NOR2X1         6  20.1   309   328    1728    (-,-) 
  mul_78_43_I7_g1107/Y         -       A->Y   F     CLKINVX2       5  14.0    81    92    1820    (-,-) 
  mul_78_43_I7_g1079/Y         -       A0->Y  R     OAI22X1        1   6.2   162   165    1985    (-,-) 
  mul_78_43_I7_cdnfadd_004_0/S -       B->S   F     ADDFX1         1   6.1    59   309    2294    (-,-) 
  mul_78_43_I7_cdnfadd4/CO     -       B->CO  F     ADDFX1         1   5.0    56   224    2519    (-,-) 
  mul_78_43_I7_cdnfadd5/CO     -       CI->CO F     ADDFX1         1   5.0    56   208    2726    (-,-) 
  mul_78_43_I7_cdnfadd6/CO     -       CI->CO F     ADDFX1         1   5.0    56   208    2934    (-,-) 
  mul_78_43_I7_cdnfadd7/CO     -       CI->CO F     ADDFX1         1   5.0    56   208    3141    (-,-) 
  mul_78_43_I7_cdnfadd8/CO     -       CI->CO F     ADDFX1         1   5.0    56   208    3349    (-,-) 
  mul_78_43_I7_cdnfadd9/CO     -       CI->CO F     ADDFX1         1   5.0    56   208    3556    (-,-) 
  mul_78_43_I7_cdnfadd10/CO    -       CI->CO F     ADDFX1         1   5.0    56   208    3764    (-,-) 
  mul_78_43_I7_cdnfadd11/CO    -       CI->CO F     ADDFX1         1   5.0    56   208    3971    (-,-) 
  mul_78_43_I7_cdnfadd12/CO    -       CI->CO F     ADDFX1         1   5.0    56   208    4179    (-,-) 
  mul_78_43_I7_cdnfadd13/CO    -       CI->CO F     ADDFX1         1   5.0    56   208    4386    (-,-) 
  mul_78_43_I7_cdnfadd14/CO    -       CI->CO F     ADDFX1         1   5.0    56   208    4594    (-,-) 
  mul_78_43_I7_cdnfadd15/CO    -       CI->CO F     ADDFX1         1   5.0    56   208    4801    (-,-) 
  mul_78_43_I7_cdnfadd16/S     -       CI->S  R     ADDFX1         1   1.8    36   299    5101    (-,-) 
  g3231__1705/Y                -       A->Y   R     MX2X1          1   1.8    39   102    5203    (-,-) 
  mult2_reg_reg[6][16]/D       -       -      R     DFFRX1         1     -     -     0    5203    (-,-) 
#-------------------------------------------------------------------------------------------------------

