============================================================
  Generated by:           Genus(TM) Synthesis Solution 23.15-s099_1
  Generated on:           Apr 15 2026  04:11:56 pm
  Module:                 FFE
  Operating conditions:   tt_1.8_25 (balanced_tree)
  Wireload mode:          enclosed
  Area mode:              timing library
============================================================

                                 
   Gate    Instances     Area          Library       
-----------------------------------------------------
ADDFX1          1544   49987.000    sky130_tt_1.8_25 
ADDHX1            12     251.376    sky130_tt_1.8_25 
AOI21X1          316    3008.952    sky130_tt_1.8_25 
AOI22X1          608    6947.008    sky130_tt_1.8_25 
CLKINVX1          32     182.816    sky130_tt_1.8_25 
CLKINVX2         216    1234.008    sky130_tt_1.8_25 
CLKINVX8           1      17.140    sky130_tt_1.8_25 
CLKXOR2X1       1184   15783.904    sky130_tt_1.8_25 
DFFRX1           982   37402.417    sky130_tt_1.8_25 
INVX1            532    3039.316    sky130_tt_1.8_25 
INVX16             3      97.124    sky130_tt_1.8_25 
INVX2              7      39.991    sky130_tt_1.8_25 
MX2X1            980   14930.300    sky130_tt_1.8_25 
NAND2X1           92     700.856    sky130_tt_1.8_25 
NAND2X4            1      17.140    sky130_tt_1.8_25 
NOR2X1           445    3390.010    sky130_tt_1.8_25 
NOR2X2            16     182.816    sky130_tt_1.8_25 
NOR3X1            32     304.704    sky130_tt_1.8_25 
OAI21X1          160    1523.520    sky130_tt_1.8_25 
OAI22X1          672    7678.272    sky130_tt_1.8_25 
OR2X2             32     304.704    sky130_tt_1.8_25 
-----------------------------------------------------
total           7867  147023.374                     


                                           
     Type      Instances    Area    Area % 
-------------------------------------------
sequential           982  37402.417   25.4 
inverter             791   4610.395    3.1 
logic               6094 105010.562   71.4 
physical_cells         0      0.000    0.0 
-------------------------------------------
total               7867 147023.374  100.0 

