============================================================
  Generated by:           Genus(TM) Synthesis Solution 23.15-s099_1
  Generated on:           Apr 21 2026  04:32:11 pm
  Module:                 FFE
  Operating conditions:   tt_1.8_25 (balanced_tree)
  Wireload mode:          enclosed
  Area mode:              timing library
============================================================


Path 1: MET (2607 ps) Setup Check with Pin mult3_reg_reg[0][16]/CK->D
          Group: clk
     Startpoint: (R) coeff_bus[5]
          Clock: (R) clk
       Endpoint: (R) mult3_reg_reg[0][16]/D
          Clock: (R) clk

                     Capture       Launch     
        Clock Edge:+    8000            0     
        Drv Adjust:+       0            0     
       Src Latency:+       0            0     
       Net Latency:+       0 (I)        0 (I) 
           Arrival:=    8000            0     
                                              
             Setup:-      94                  
     Required Time:=    7906                  
      Launch Clock:-       0                  
       Input Delay:-    1000                  
         Data Path:-    4298                  
             Slack:=    2607                  

Exceptions/Constraints:
  input_delay             1000            ffe.sdc_line_3_101_1   

#--------------------------------------------------------------------------------------------------------
#         Timing Point          Flags    Arc   Edge   Cell     Fanout  Load Trans Delay Arrival Instance 
#                                                                      (fF)  (ps)  (ps)   (ps)  Location 
#--------------------------------------------------------------------------------------------------------
  coeff_bus[5]                  -       -      R     (arrival)     11  24.7     0     0    1000    (-,-) 
  mul_124_38_I1_g1191/Y         -       A->Y   F     INVX2         42 150.3   264   204    1204    (-,-) 
  mul_125_38_I1_g3700/Y         -       B->Y   R     NOR2X1         5  15.4   254   281    1485    (-,-) 
  mul_125_38_I1_g3793/Y         -       B0->Y  F     AOI21X1        1   5.5   128    83    1568    (-,-) 
  mul_123_38_I1_g3862/Y         -       B->Y   R     NOR2X2        13  41.5   308   274    1842    (-,-) 
  mul_124_38_I1_g1109/Y         -       A->Y   F     CLKINVX2      28  81.2   189   242    2084    (-,-) 
  mul_125_38_I1_g1076/Y         -       A1->Y  R     OAI22X1        1   6.2   180   199    2282    (-,-) 
  mul_125_38_I1_cdnfadd_005_0/S -       B->S   F     ADDFX1         1   6.1    60   315    2597    (-,-) 
  mul_125_38_I1_cdnfadd5/CO     -       B->CO  F     ADDFX1         1   5.0    56   224    2822    (-,-) 
  mul_125_38_I1_cdnfadd6/CO     -       CI->CO F     ADDFX1         1   5.0    56   208    3029    (-,-) 
  mul_125_38_I1_cdnfadd7/CO     -       CI->CO F     ADDFX1         1   5.0    56   208    3237    (-,-) 
  mul_125_38_I1_cdnfadd8/CO     -       CI->CO F     ADDFX1         1   5.0    56   208    3444    (-,-) 
  mul_125_38_I1_cdnfadd9/CO     -       CI->CO F     ADDFX1         1   5.0    56   208    3652    (-,-) 
  mul_125_38_I1_cdnfadd10/CO    -       CI->CO F     ADDFX1         1   5.0    56   208    3859    (-,-) 
  mul_125_38_I1_cdnfadd11/CO    -       CI->CO F     ADDFX1         1   5.0    56   208    4067    (-,-) 
  mul_125_38_I1_cdnfadd12/CO    -       CI->CO F     ADDFX1         1   5.0    56   208    4274    (-,-) 
  mul_125_38_I1_cdnfadd13/CO    -       CI->CO F     ADDFX1         1   5.0    56   208    4482    (-,-) 
  mul_125_38_I1_cdnfadd14/CO    -       CI->CO F     ADDFX1         1   5.0    56   208    4689    (-,-) 
  mul_125_38_I1_cdnfadd15/CO    -       CI->CO F     ADDFX1         1   5.0    56   208    4897    (-,-) 
  mul_125_38_I1_cdnfadd16/S     -       CI->S  R     ADDFX1         1   1.8    36   299    5196    (-,-) 
  g3035__6783/Y                 -       A->Y   R     MX2X1          1   1.8    40   102    5298    (-,-) 
  mult3_reg_reg[0][16]/D        <<<     -      R     DFFRX1         1     -     -     0    5298    (-,-) 
#--------------------------------------------------------------------------------------------------------

