============================================================
  Generated by:           Genus(TM) Synthesis Solution 23.15-s099_1
  Generated on:           Apr 15 2026  04:11:55 pm
  Module:                 FFE
  Operating conditions:   tt_1.8_25 (balanced_tree)
  Wireload mode:          enclosed
  Area mode:              timing library
============================================================

Timing
--------

Clock Period 
-------------
clk   8000.0 


  Cost    Critical         Violating 
 Group   Path Slack  TNS     Paths   
-------------------------------------
clk          2702.5   0.0          0 
default    No paths   0.0            
-------------------------------------
Total                 0.0          0 

Instance Count
--------------
Leaf Instance Count             7867 
Physical Instance count            0 
Sequential Instance Count        982 
Combinational Instance Count    6885 
Hierarchical Instance Count        0 

Area
----
Cell Area                          147023.374
Physical Cell Area                 0.000
Total Cell Area (Cell+Physical)    147023.374
Net Area                           0.000
Total Area (Cell+Physical+Net)     147023.374

Max Fanout                         982 (clk)
Min Fanout                         0 (rst_n)
Average Fanout                     2.2
Terms to net ratio                 3.3381
Terms to instance ratio            4.0577
Runtime                            72.383933 seconds
Elapsed Runtime                    89 seconds
Genus peak memory usage            2167.02 
Innovus peak memory usage          no_value 
Hostname                           eda-4.EECS.Berkeley.EDU
