 ------------------------------------------------------------------------------------------------------------------------------------------------------- 
| Snapshot                | WNS                  | TNS                  | Density (%) | Hotspot                   | Resource               | DRVs       |
|                         | HEPG (ns) | ALL (ns) | HEPG (ns) | ALL (ns) |             | Max (bins) | Total (bins) | Real (s) | Memory (MB) | Tran | Cap |
|-------------------------+-----------+----------+-----------+----------+-------------+------------+--------------+----------+-------------+------+-----|
| initial_summary         |    -0.619 |   -0.619 |           |      -17 |       30.06 |            |              | 0:00:02  |        6487 |   30 |  43 |
| route_type_refinement   |           |          |           |          |             |            |              | 0:00:00  |        6487 |      |     |
| simplify_netlist        |           |          |           |          |             |            |              | 0:00:01  |        6487 |      |     |
| excluded_clk_net_fixing |           |          |           |          |             |            |              | 0:00:00  |        6487 |      |     |
| drv_fixing              |    -0.513 |   -0.513 |        -3 |      -12 |       30.33 |            |              | 0:00:01  |        6567 |    0 |   0 |
| global_opt              |           |   -0.050 |           |       -0 |       30.44 |            |              | 0:00:03  |        6567 |      |     |
| area_reclaiming         |    -0.009 |   -0.051 |        -0 |       -0 |       30.29 |            |              | 0:00:03  |        6567 |      |     |
| wns_fixing              |     0.093 |    0.083 |         0 |        0 |       30.42 |            |              | 0:00:08  |        6695 |      |     |
| area_reclaiming_2       |     0.013 |   -0.005 |         0 |       -0 |       30.25 |            |              | 0:00:06  |        6729 |      |     |
| area_reclaiming_3       |     0.013 |   -0.005 |         0 |       -0 |       30.22 |            |              | 0:00:02  |        6729 |      |     |
| local_wire_reclaim      |           |          |           |          |             |            |              | 0:00:14  |        6665 |      |     |
| global_route            |           |          |           |          |             |       8.78 |       235.33 | 0:00:01  |        6576 |      |     |
| route_type_refinement_2 |           |          |           |          |             |            |              | 0:00:01  |        6576 |      |     |
| drv_eco_fixing          |    -0.001 |   -0.034 |        -0 |       -0 |       30.25 |            |              | 0:00:01  |        6665 |    0 |   0 |
| tns_eco_fixing          |     0.036 |    0.003 |         0 |        0 |       30.26 |            |              | 0:00:02  |        6793 |      |     |
| final_summary           |    -0.065 |   -0.065 |           |       -0 |       30.26 |      10.44 |       250.22 | 0:00:03  |        6585 |    0 |   0 |
 ------------------------------------------------------------------------------------------------------------------------------------------------------- 
