**INFO: Starting Blocking QThread with 8 CPU
   ____________________________________________________________________
__/ message from Blocking QThread
Multi-CPU acceleration using 8 CPU(s).
*** QThread MetricCollect [begin] (IncrReplace #1 / optDesign #2) : mem = 0.4M
Multithreaded Timing Analysis is initialized with 8 threads

###############################################################
#  Generated by:      Cadence Innovus 23.15-s106_1
#  OS:                Linux x86_64(Host ID eda-4.EECS.Berkeley.EDU)
#  Generated on:      Mon May  4 18:26:53 2026
#  Design:            FFE
#  Command:           optDesign -preCTS -setup
###############################################################

REPORT ANALYSIS SUMMARY (View:SS_SETUP_VIEW) (EL:Setup)
=========================================================================================================================================================================================================

GroupType:*
=========================================================================================================================================================================================================

         All                             IN2REG                          IN2OUT                           REG2REG                              REG2OUT
    -----------------------------------------------------------------------------------------------------------------------------------------------------------------------------------------------------  
     WNS:TNS:#VIO                     WNS:TNS:#VIO                     WNS:TNS:#VIO                     WNS:TNS:#VIO                     WNS:TNS:#VIO                     FromClk->ToClk                   
    -----------------------------------------------------------------------------------------------------------------------------------------------------------------------------------------------------  
    -3.095:-222.627:266              -1.761:-119.443:146              0.000:0.000:0                    -3.095:-103.184:120              0.000:0.000:0                    *->*
    -----------------------------------------------------------------------------------------------------------------------------------------------------------------------------------------------------

REPORT ANALYSIS SUMMARY (View:TT_VIEW) (EL:Setup)
=========================================================================================================================================================================================================
Ending "set_metric_timing_analysis_summary" (total cpu=0:00:00.1, real=0:00:00.0, peak res=3605.8M, current mem=2754.7M)
Ending "get_summary_setup_timing" (total cpu=0:00:00.2, real=0:00:00.0, peak res=3605.8M, current mem=2756.2M)
*** QThread MetricCollect [finish] (IncrReplace #1 / optDesign #2) : cpu/real = 0:00:00.2/0:00:00.2 (1.0), mem = 0.0M
_______________________________________________________________________
