 ------------------------------------------------------------------------------------------------------------------------------------------------------------------- 
| Snapshot                | WNS                  | TNS                  | Density (%) | Hotspot                   | Resource               | DRVs       | Layer-OPT |
|                         | HEPG (ns) | ALL (ns) | HEPG (ns) | ALL (ns) |             | Max (bins) | Total (bins) | Real (s) | Memory (MB) | Tran | Cap | met4      |
|-------------------------+-----------+----------+-----------+----------+-------------+------------+--------------+----------+-------------+------+-----+-----------|
| initial_summary         |           |  -11.894 |           |    -3698 |       39.98 |            |              | 0:00:02  |        5365 | 1120 | 756 |           |
| simplify_netlist        |           |          |           |          |             |            |              | 0:00:01  |        5653 |      |     |           |
| drv_fixing              |           |          |           |          |             |            |              | 0:00:00  |        5653 |      |     |           |
| drv_fixing_2            |     0.000 |   -7.263 |         0 |     -276 |       44.62 |            |              | 0:00:03  |        5789 |    0 |   0 |           |
| global_opt              |           |   -5.585 |           |     -168 |       47.83 |            |              | 0:00:12  |        5789 |      |     |           |
| area_reclaiming         |     0.000 |   -5.584 |         0 |     -168 |       47.36 |            |              | 0:00:02  |        5789 |      |     |           |
| incremental_replacement |    -3.656 |   -4.875 |           |     -237 |             |     796.22 |       797.11 | 0:00:58  |        6269 |      |     |           |
| drv_fixing_3            |    -4.875 |   -4.875 |      -149 |     -149 |       47.93 |            |              | 0:00:02  |        5797 |    0 |   0 |           |
| tns_fixing              |    -3.179 |   -4.685 |       -74 |     -139 |       48.64 |            |              | 0:00:09  |        5933 |      |     |           |
| wns_fixing              |     0.209 |   -0.150 |         0 |       -2 |       66.88 |            |              | 0:01:41  |        6446 |      |     |        27 |
| tns_fixing_2            |     0.145 |   -0.136 |         0 |       -1 |       67.74 |            |              | 0:00:08  |        6446 |      |     |        30 |
| area_reclaiming_2       |     0.111 |   -0.130 |         0 |       -1 |       65.83 |            |              | 0:00:05  |        6338 |      |     |        29 |
| area_reclaiming_3       |     0.145 |   -0.129 |         0 |       -1 |       64.85 |            |              | 0:00:05  |        6338 |      |     |        18 |
| drv_eco_fixing          |     0.145 |   -0.129 |         0 |       -1 |       64.89 |            |              | 0:00:01  |        6338 |    0 |   0 |        18 |
| tns_eco_fixing          |     0.145 |   -0.128 |         0 |       -1 |       64.90 |            |              | 0:00:03  |        6466 |      |     |        18 |
| final_summary           |    -0.065 |   -0.362 |           |       -7 |       64.90 |            |              | 0:00:03  |        6194 |    0 |   0 |           |
 ------------------------------------------------------------------------------------------------------------------------------------------------------------------- 
