Cadence Genus(TM) Synthesis Solution.
Copyright 2025 Cadence Design Systems, Inc. All rights reserved worldwide.
Cadence and the Cadence logo are registered trademarks and Genus is a trademark
of Cadence Design Systems, Inc. in the United States and other countries.

[14:40:23.317297] Configured Lic search path (23.02-s006): 5280@license-srv.eecs.berkeley.edu

Version: 23.15-s099_1, built Tue Jul 15 14:25:04 PDT 2025
Options: -files genus.tcl 
Date:    Mon Apr 13 14:40:23 2026
Host:    eda-4.EECS.Berkeley.EDU (x86_64 w/Linux 4.18.0-553.111.1.el8_10.x86_64) (48cores*96cpus*1physical cpu*AMD EPYC 9454 48-Core Processor 1024KB) (791773112KB)
PID:     1658444
OS:      Red Hat Enterprise Linux 8.10 (Ootpa)

Checking out license: Genus_Synthesis
[14:40:23.187339] Periodic Lic check successful
[14:40:23.711642] Feature usage summary:
[14:40:23.711643] Genus_Synthesis
License checkout complete (0 seconds elapsed).


***********************************************************************************************************
***********************************************************************************************************



Finished executable startup (5 seconds elapsed).

Loading tool scripts...
Finished loading tool scripts (12 seconds elapsed).

WARNING: The genus.tcl file in the current directory /scratch/eecs251b-aaj/Final_Project/scripts/genus is no longer loaded at startup.
         You should change the name to genus_startup.tcl if you want it loaded at startup.
#@ Processing -files option
@genus:root: 1> source genus.tcl
#@ Begin verbose source ./genus.tcl
@file(genus.tcl) 3: set TOP FFE
@file(genus.tcl) 8: set ROOT       [file normalize "../.."]
@file(genus.tcl) 9: set RTL_DIR    "$ROOT/rtl/ffe"
@file(genus.tcl) 10: set CONS_DIR   "$ROOT/constraints"
@file(genus.tcl) 11: set BUILD_DIR  "$ROOT/build/genus"
@file(genus.tcl) 12: set LOG_DIR    "$BUILD_DIR/logs"
@file(genus.tcl) 13: set RPT_DIR    "$BUILD_DIR/reports"
@file(genus.tcl) 14: set DB_DIR     "$BUILD_DIR/db"
@file(genus.tcl) 15: set NET_DIR    "$BUILD_DIR/netlist"
@file(genus.tcl) 17: file mkdir $BUILD_DIR
@file(genus.tcl) 18: file mkdir $LOG_DIR
@file(genus.tcl) 19: file mkdir $RPT_DIR
@file(genus.tcl) 20: file mkdir $DB_DIR
@file(genus.tcl) 21: file mkdir $NET_DIR
@file(genus.tcl) 24: set_db init_lib_search_path [list /home/ff/eecs251b/sky130/sky130A/libs.ref/sky130_fd_sc_hd/lib]
  Setting attribute of root '/': 'init_lib_search_path' = /home/ff/eecs251b/sky130/sky130A/libs.ref/sky130_fd_sc_hd/lib
@file(genus.tcl) 25: set_db library [list sky130_fd_sc_hd__tt_025C_1v80.lib]

  Message Summary for Library sky130_fd_sc_hd__tt_025C_1v80.lib:
  **************************************************************
Warning : Missing pg_pin group in the library. [LBR-702]
        : No pg_pin with name 'VNB' has been read in the cell 'sky130_fd_sc_hd__lpflow_lsbuf_lh_hl_isowell_tap_1'. The attribute 'related_bias_pin' specified for the pg_pin 'VGND' is being ignored. (File /home/ff/eecs251b/sky130/sky130A/libs.ref/sky130_fd_sc_hd/lib/sky130_fd_sc_hd__tt_025C_1v80.lib, Line 82148)
Warning : Missing pg_pin group in the library. [LBR-702]
        : No pg_pin with name 'VNB' has been read in the cell 'sky130_fd_sc_hd__lpflow_lsbuf_lh_hl_isowell_tap_2'. The attribute 'related_bias_pin' specified for the pg_pin 'VGND' is being ignored. (File /home/ff/eecs251b/sky130/sky130A/libs.ref/sky130_fd_sc_hd/lib/sky130_fd_sc_hd__tt_025C_1v80.lib, Line 82282)
Warning : Missing pg_pin group in the library. [LBR-702]
        : No pg_pin with name 'VNB' has been read in the cell 'sky130_fd_sc_hd__lpflow_lsbuf_lh_hl_isowell_tap_4'. The attribute 'related_bias_pin' specified for the pg_pin 'VGND' is being ignored. (File /home/ff/eecs251b/sky130/sky130A/libs.ref/sky130_fd_sc_hd/lib/sky130_fd_sc_hd__tt_025C_1v80.lib, Line 82416)
Warning : Missing pg_pin group in the library. [LBR-702]
        : No pg_pin with name 'VNB' has been read in the cell 'sky130_fd_sc_hd__lpflow_lsbuf_lh_isowell_tap_1'. The attribute 'related_bias_pin' specified for the pg_pin 'VGND' is being ignored. (File /home/ff/eecs251b/sky130/sky130A/libs.ref/sky130_fd_sc_hd/lib/sky130_fd_sc_hd__tt_025C_1v80.lib, Line 82693)
Warning : Missing pg_pin group in the library. [LBR-702]
        : No pg_pin with name 'VNB' has been read in the cell 'sky130_fd_sc_hd__lpflow_lsbuf_lh_isowell_tap_2'. The attribute 'related_bias_pin' specified for the pg_pin 'VGND' is being ignored. (File /home/ff/eecs251b/sky130/sky130A/libs.ref/sky130_fd_sc_hd/lib/sky130_fd_sc_hd__tt_025C_1v80.lib, Line 82827)
Warning : Missing pg_pin group in the library. [LBR-702]
        : No pg_pin with name 'VNB' has been read in the cell 'sky130_fd_sc_hd__lpflow_lsbuf_lh_isowell_tap_4'. The attribute 'related_bias_pin' specified for the pg_pin 'VGND' is being ignored. (File /home/ff/eecs251b/sky130/sky130A/libs.ref/sky130_fd_sc_hd/lib/sky130_fd_sc_hd__tt_025C_1v80.lib, Line 82961)
  Missing pg_pin group in the library. [LBR-702]: 6
  An unsupported construct was detected in this library. [LBR-40]: 11
  **************************************************************
 
Info    : Created nominal operating condition. [LBR-412]
        : Operating condition '_nominal_' was created for the PVT values (1.000000, 1.800000, 25.000000) in library 'sky130_fd_sc_hd__tt_025C_1v80.lib'.
        : The nominal operating condition is represented, either by the nominal PVT values specified in the library source (via nom_process,nom_voltage and nom_temperature respectively), or by the default PVT values (1.0,1.0,1.0).
Warning : Library cell has no output pins defined. [LBR-9]
        : Library cell 'sky130_fd_sc_hd__decap_12' must have an output pin.
        : Add the missing output pin(s), then reload the library. Else the library cell will be marked as timing model i.e. unusable. Timing_model means that the cell does not have any defined function. If there is no output pin, Genus will mark library cell as unusable i.e. the attribute 'usable' will be marked to 'false' on the libcell. Therefore, the cell is not used for mapping and it will not be picked up from the library for synthesis. If you query the attribute 'unusable_reason' on the libcell; result will be: 'Library cell has no output pins.'Note: The message LBR-9 is only for the logical pins and not for the power_ground pins. Genus will depend upon the output function defined in the pin group (output pin) of the cell, to use it for mapping. The pg_pin will not have any function defined.
Warning : Library cell has no output pins defined. [LBR-9]
        : Library cell 'sky130_fd_sc_hd__decap_12' must have an output pin.
Warning : Library cell has no output pins defined. [LBR-9]
        : Library cell 'sky130_fd_sc_hd__decap_3' must have an output pin.
Warning : Library cell has no output pins defined. [LBR-9]
        : Library cell 'sky130_fd_sc_hd__decap_3' must have an output pin.
Warning : Library cell has no output pins defined. [LBR-9]
        : Library cell 'sky130_fd_sc_hd__decap_4' must have an output pin.
Warning : Library cell has no output pins defined. [LBR-9]
        : Library cell 'sky130_fd_sc_hd__decap_4' must have an output pin.
Warning : Library cell has no output pins defined. [LBR-9]
        : Library cell 'sky130_fd_sc_hd__decap_6' must have an output pin.
Warning : Library cell has no output pins defined. [LBR-9]
        : Library cell 'sky130_fd_sc_hd__decap_6' must have an output pin.
Warning : Library cell has no output pins defined. [LBR-9]
        : Library cell 'sky130_fd_sc_hd__decap_8' must have an output pin.
Warning : Library cell has no output pins defined. [LBR-9]
        : Library cell 'sky130_fd_sc_hd__decap_8' must have an output pin.
Warning : Library cell has no output pins defined. [LBR-9]
        : Library cell 'sky130_fd_sc_hd__diode_2' must have an output pin.
Warning : Library cell has no output pins defined. [LBR-9]
        : Library cell 'sky130_fd_sc_hd__diode_2' must have an output pin.
Warning : Library cell has no output pins defined. [LBR-9]
        : Library cell 'sky130_fd_sc_hd__lpflow_bleeder_1' must have an output pin.
Warning : Library cell has no output pins defined. [LBR-9]
        : Library cell 'sky130_fd_sc_hd__lpflow_bleeder_1' must have an output pin.
Warning : Library cell has no output pins defined. [LBR-9]
        : Library cell 'sky130_fd_sc_hd__lpflow_decapkapwr_12' must have an output pin.
Warning : Library cell has no output pins defined. [LBR-9]
        : Library cell 'sky130_fd_sc_hd__lpflow_decapkapwr_12' must have an output pin.
Warning : Library cell has no output pins defined. [LBR-9]
        : Library cell 'sky130_fd_sc_hd__lpflow_decapkapwr_3' must have an output pin.
Warning : Library cell has no output pins defined. [LBR-9]
        : Library cell 'sky130_fd_sc_hd__lpflow_decapkapwr_3' must have an output pin.
Warning : Library cell has no output pins defined. [LBR-9]
        : Library cell 'sky130_fd_sc_hd__lpflow_decapkapwr_4' must have an output pin.
Warning : Library cell has no output pins defined. [LBR-9]
        : Library cell 'sky130_fd_sc_hd__lpflow_decapkapwr_4' must have an output pin.
Warning : Maximum message print count reached. [MESG-11]
        : Maximum print count of '20' reached for message 'LBR-9'.
  Setting attribute of root '/': 'library' = sky130_fd_sc_hd__tt_025C_1v80.lib
@file(genus.tcl) 28: set_db init_hdl_search_path [list $RTL_DIR]
  Setting attribute of root '/': 'init_hdl_search_path' = /scratch/eecs251b-aaj/Final_Project/rtl/ffe
@file(genus.tcl) 33: read_hdl $RTL_DIR/FFE.v
        acc0 = '0;
             |
Error   : Invalid based number. [VLOGPT-17] [read_hdl]
        : Numeric string ''' in file '/scratch/eecs251b-aaj/Final_Project/rtl/ffe/FFE.v' on line 43, column 14.
        : A based number may be a binary 'b, octal 'o, hex 'h, or decimal 'd based number.
        acc0 = '0;
                |
Error   : Parsing error. [VLOGPT-1] [read_hdl]
        : in file '/scratch/eecs251b-aaj/Final_Project/rtl/ffe/FFE.v' on line 43, column 17.
        : Invalid Verilog syntax is parsed, or unsupported Verilog syntax is encountered.
        acc1 = '0;
             |
Error   : Invalid based number. [VLOGPT-17] [read_hdl]
        : Numeric string ''' in file '/scratch/eecs251b-aaj/Final_Project/rtl/ffe/FFE.v' on line 44, column 14.
        acc1 = '0;
                |
Error   : Parsing error. [VLOGPT-1] [read_hdl]
        : in file '/scratch/eecs251b-aaj/Final_Project/rtl/ffe/FFE.v' on line 44, column 17.
        acc2 = '0;
             |
Error   : Invalid based number. [VLOGPT-17] [read_hdl]
        : Numeric string ''' in file '/scratch/eecs251b-aaj/Final_Project/rtl/ffe/FFE.v' on line 45, column 14.
        acc2 = '0;
                |
Error   : Parsing error. [VLOGPT-1] [read_hdl]
        : in file '/scratch/eecs251b-aaj/Final_Project/rtl/ffe/FFE.v' on line 45, column 17.
        acc3 = '0;
             |
Error   : Invalid based number. [VLOGPT-17] [read_hdl]
        : Numeric string ''' in file '/scratch/eecs251b-aaj/Final_Project/rtl/ffe/FFE.v' on line 46, column 14.
        acc3 = '0;
                |
Error   : Parsing error. [VLOGPT-1] [read_hdl]
        : in file '/scratch/eecs251b-aaj/Final_Project/rtl/ffe/FFE.v' on line 46, column 17.
                shift_reg0[k] <= '0;
                               |
Error   : Invalid based number. [VLOGPT-17] [read_hdl]
        : Numeric string ''' in file '/scratch/eecs251b-aaj/Final_Project/rtl/ffe/FFE.v' on line 69, column 32.
                shift_reg0[k] <= '0;
                                  |
Error   : Parsing error. [VLOGPT-1] [read_hdl]
        : in file '/scratch/eecs251b-aaj/Final_Project/rtl/ffe/FFE.v' on line 69, column 35.
                shift_reg1[k] <= '0;
                               |
Error   : Invalid based number. [VLOGPT-17] [read_hdl]
        : Numeric string ''' in file '/scratch/eecs251b-aaj/Final_Project/rtl/ffe/FFE.v' on line 70, column 32.
                shift_reg1[k] <= '0;
                                  |
Error   : Parsing error. [VLOGPT-1] [read_hdl]
        : in file '/scratch/eecs251b-aaj/Final_Project/rtl/ffe/FFE.v' on line 70, column 35.
                shift_reg2[k] <= '0;
                               |
Error   : Invalid based number. [VLOGPT-17] [read_hdl]
        : Numeric string ''' in file '/scratch/eecs251b-aaj/Final_Project/rtl/ffe/FFE.v' on line 71, column 32.
                shift_reg2[k] <= '0;
                                  |
Error   : Parsing error. [VLOGPT-1] [read_hdl]
        : in file '/scratch/eecs251b-aaj/Final_Project/rtl/ffe/FFE.v' on line 71, column 35.
                shift_reg3[k] <= '0;
                               |
Error   : Invalid based number. [VLOGPT-17] [read_hdl]
        : Numeric string ''' in file '/scratch/eecs251b-aaj/Final_Project/rtl/ffe/FFE.v' on line 72, column 32.
                shift_reg3[k] <= '0;
                                  |
Error   : Parsing error. [VLOGPT-1] [read_hdl]
        : in file '/scratch/eecs251b-aaj/Final_Project/rtl/ffe/FFE.v' on line 72, column 35.
            dout0      <= '0;
                        |
Error   : Invalid based number. [VLOGPT-17] [read_hdl]
        : Numeric string ''' in file '/scratch/eecs251b-aaj/Final_Project/rtl/ffe/FFE.v' on line 75, column 25.
            dout0      <= '0;
                           |
Error   : Parsing error. [VLOGPT-1] [read_hdl]
        : in file '/scratch/eecs251b-aaj/Final_Project/rtl/ffe/FFE.v' on line 75, column 28.
            dout1      <= '0;
                        |
Error   : Invalid based number. [VLOGPT-17] [read_hdl]
        : Numeric string ''' in file '/scratch/eecs251b-aaj/Final_Project/rtl/ffe/FFE.v' on line 76, column 25.
            dout1      <= '0;
                           |
Error   : Parsing error. [VLOGPT-1] [read_hdl]
        : in file '/scratch/eecs251b-aaj/Final_Project/rtl/ffe/FFE.v' on line 76, column 28.
            dout2      <= '0;
                        |
Error   : Invalid based number. [VLOGPT-17] [read_hdl]
        : Numeric string ''' in file '/scratch/eecs251b-aaj/Final_Project/rtl/ffe/FFE.v' on line 77, column 25.
            dout2      <= '0;
                           |
Error   : Parsing error. [VLOGPT-1] [read_hdl]
        : Expecting token ';', found '<unknown token>' in file '/scratch/eecs251b-aaj/Final_Project/rtl/ffe/FFE.v' on line 77, column 28.
            dout3      <= '0;
                        |
Error   : Invalid based number. [VLOGPT-17] [read_hdl]
        : Numeric string ''' in file '/scratch/eecs251b-aaj/Final_Project/rtl/ffe/FFE.v' on line 78, column 25.
            dout3      <= '0;
                           |
Error   : Parsing error. [VLOGPT-1] [read_hdl]
        : Expecting token ';', found '<unknown token>' in file '/scratch/eecs251b-aaj/Final_Project/rtl/ffe/FFE.v' on line 78, column 28.
            dout_valid <= 1'b0;
                          |
Error   : Parsing error. [VLOGPT-1] [read_hdl]
        : Expecting token ';', found 'number' in file '/scratch/eecs251b-aaj/Final_Project/rtl/ffe/FFE.v' on line 79, column 27.
        else if (en)
                   |
Error   : Parsing error. [VLOGPT-1] [read_hdl]
        : Expecting a statement in file '/scratch/eecs251b-aaj/Final_Project/rtl/ffe/FFE.v' on line 83, column 20.
        else if (en)
                   |
Error   : Parsing error. [VLOGPT-1] [read_hdl]
        : Expecting a statement in file '/scratch/eecs251b-aaj/Final_Project/rtl/ffe/FFE.v' on line 83, column 20.
#@ End verbose source ./genus.tcl
1
Encountered problems processing file: genus.tcl
WARNING: This version of the tool is 272 days old.
@genus:root: 2> exit

Lic Summary:
[14:45:13.333064] Cdslmd servers:5280@license-srv.eecs.berkeley.edu
[14:45:13.857376] Feature usage summary:
[14:45:13.857376] Genus_Synthesis

Normal exit.